
[00:57:04] [Render thread/INFO]: [CHAT] List of all entries for registry minecraft:worldgen/configured_feature:
[00:57:04] [Render thread/INFO]: [CHAT]
[00:57:04] [Render thread/INFO]: [CHAT] - mythicbotany:abandoned_apothecaries
[00:57:04] [Render thread/INFO]: [CHAT] - minecraft:acacia
[00:57:04] [Render thread/INFO]: [CHAT] - mythicbotany:alfheim_grass
[00:57:04] [Render thread/INFO]: [CHAT] - terralith:alpha/clay_patch
[00:57:04] [Render thread/INFO]: [CHAT] - terralith:alpha/flowers
[00:57:04] [Render thread/INFO]: [CHAT] - terralith:alpha/flowers_2
[00:57:04] [Render thread/INFO]: [CHAT] - terralith:alpha/sand_beaches
[00:57:04] [Render thread/INFO]: [CHAT] - terralith:alpha/trees
[00:57:04] [Render thread/INFO]: [CHAT] - oretrees:aluminium
[00:57:04] [Render thread/INFO]: [CHAT] - oretrees:aluminium_bees
[00:57:04] [Render thread/INFO]: [CHAT] - oretrees:aluminium_fancy
[00:57:04] [Render thread/INFO]: [CHAT] - oretrees:aluminium_fancy_bees
[00:57:04] [Render thread/INFO]: [CHAT] - oretrees:amethyst
[00:57:04] [Render thread/INFO]: [CHAT] - oretrees:amethyst_bees
[00:57:04] [Render thread/INFO]: [CHAT] - oretrees:amethyst_fancy
[00:57:04] [Render thread/INFO]: [CHAT] - oretrees:amethyst_fancy_bees
[00:57:04] [Render thread/INFO]: [CHAT] - minecraft:amethyst_geode
[00:57:04] [Render thread/INFO]: [CHAT] - oretrees:ancient
[00:57:04] [Render thread/INFO]: [CHAT] - oretrees:ancient_bees
[00:57:04] [Render thread/INFO]: [CHAT] - oretrees:ancient_fancy
[00:57:04] [Render thread/INFO]: [CHAT] - oretrees:ancient_fancy_bees
[00:57:04] [Render thread/INFO]: [CHAT] - oretrees:apatite
[00:57:04] [Render thread/INFO]: [CHAT] - oretrees:apatite_bees
[00:57:04] [Render thread/INFO]: [CHAT] - oretrees:apatite_fancy
[00:57:04] [Render thread/INFO]: [CHAT] - oretrees:apatite_fancy_bees
[00:57:04] [Render thread/INFO]: [CHAT] - thermal:apatite_ore
[00:57:04] [Render thread/INFO]: [CHAT] - minecraft:azalea_tree
[00:57:04] [Render thread/INFO]: [CHAT] - ad_extendra:b/diamond_ore
[00:57:04] [Render thread/INFO]: [CHAT] - ad_extendra:b/emerald_ore
[00:57:04] [Render thread/INFO]: [CHAT] - ad_extendra:b/iron_ore
[00:57:04] [Render thread/INFO]: [CHAT] - ad_extendra:b/redstone_ore
[00:57:04] [Render thread/INFO]: [CHAT] - minecraft:bamboo_no_podzol
[00:57:04] [Render thread/INFO]: [CHAT] - minecraft:bamboo_some_podzol
[00:57:04] [Render thread/INFO]: [CHAT] - minecraft:bamboo_vegetation
[00:57:04] [Render thread/INFO]: [CHAT] - minecraft:basalt_blobs
[00:57:04] [Render thread/INFO]: [CHAT] - minecraft:basalt_pillar
[00:57:04] [Render thread/INFO]: [CHAT] - immersiveengineering:bauxite
[00:57:04] [Render thread/INFO]: [CHAT] - minecraft:birch
[00:57:04] [Render thread/INFO]: [CHAT] - terralith:birch/birch_tall
[00:57:04] [Render thread/INFO]: [CHAT] - terralith:birch/cloud_tree_tall
[00:57:04] [Render thread/INFO]: [CHAT] - terralith:birch/disk_stone
[00:57:04] [Render thread/INFO]: [CHAT] - terralith:birch/fallen_tree_base
[00:57:04] [Render thread/INFO]: [CHAT] - terralith:birch/flowers
[00:57:04] [Render thread/INFO]: [CHAT] - terralith:birch/minecon_flowers
[00:57:04] [Render thread/INFO]: [CHAT] - terralith:birch/tree_log_base
[00:57:04] [Render thread/INFO]: [CHAT] - terralith:birch/tree_log_extra_base
[00:57:04] [Render thread/INFO]: [CHAT] - terralith:birch/tree_moss_base
[00:57:04] [Render thread/INFO]: [CHAT] - terralith:birch/trees_forest
[00:57:04] [Render thread/INFO]: [CHAT] - terralith:birch/trees_forest_negative
[00:57:04] [Render thread/INFO]: [CHAT] - minecraft:birch_bees_0002
[00:57:04] [Render thread/INFO]: [CHAT] - minecraft:birch_bees_002
[00:57:04] [Render thread/INFO]: [CHAT] - minecraft:birch_bees_005
[00:57:04] [Render thread/INFO]: [CHAT] - minecraft:birch_tall
[00:57:04] [Render thread/INFO]: [CHAT] - botania:black_mystical_flower_patch
[00:57:04] [Render thread/INFO]: [CHAT] - minecraft:blackstone_blobs
[00:57:04] [Render thread/INFO]: [CHAT] - tconstruct:blood_slime_fungus
[00:57:04] [Render thread/INFO]: [CHAT] - tconstruct:blood_slime_island_fungus
[00:57:04] [Render thread/INFO]: [CHAT] - deeperdarker:blooming_sculk_patch
[00:57:04] [Render thread/INFO]: [CHAT] - deeperdarker:blooming_sculk_vegetation
[00:57:04] [Render thread/INFO]: [CHAT] - minecraft:blue_ice
[00:57:04] [Render thread/INFO]: [CHAT] - botania:blue_mystical_flower_patch
[00:57:04] [Render thread/INFO]: [CHAT] - minecraft:bonus_chest
[00:57:04] [Render thread/INFO]: [CHAT] - yungsbridges:bridge/stone/15_1
[00:57:04] [Render thread/INFO]: [CHAT] - yungsbridges:bridge/stone/15_1_rotated
[00:57:04] [Render thread/INFO]: [CHAT] - yungsbridges:bridge/stone/16_0
[00:57:04] [Render thread/INFO]: [CHAT] - yungsbridges:bridge/stone/16_0_broken
[00:57:04] [Render thread/INFO]: [CHAT] - yungsbridges:bridge/stone/16_0_broken_rotated
[00:57:04] [Render thread/INFO]: [CHAT] - yungsbridges:bridge/stone/16_0_rotated
[00:57:04] [Render thread/INFO]: [CHAT] - yungsbridges:bridge/stone/22_0
[00:57:04] [Render thread/INFO]: [CHAT] - yungsbridges:bridge/stone/22_0_broken
[00:57:04] [Render thread/INFO]: [CHAT] - yungsbridges:bridge/stone/22_0_broken_rotated
[00:57:04] [Render thread/INFO]: [CHAT] - yungsbridges:bridge/stone/22_0_rotated
[00:57:04] [Render thread/INFO]: [CHAT] - yungsbridges:bridge/stone/24_0
[00:57:04] [Render thread/INFO]: [CHAT] - yungsbridges:bridge/stone/24_0_broken
[00:57:04] [Render thread/INFO]: [CHAT] - yungsbridges:bridge/stone/24_0_broken_rotated
[00:57:04] [Render thread/INFO]: [CHAT] - yungsbridges:bridge/stone/24_0_rotated
[00:57:04] [Render thread/INFO]: [CHAT] - yungsbridges:bridge/stone/31_0
[00:57:04] [Render thread/INFO]: [CHAT] - yungsbridges:bridge/stone/31_0_rotated
[00:57:04] [Render thread/INFO]: [CHAT] - yungsbridges:bridge/wood/17_0
[00:57:04] [Render thread/INFO]: [CHAT] - yungsbridges:bridge/wood/17_0_broken
[00:57:04] [Render thread/INFO]: [CHAT] - yungsbridges:bridge/wood/17_0_broken_rotated
[00:57:04] [Render thread/INFO]: [CHAT] - yungsbridges:bridge/wood/17_0_rotated
[00:57:04] [Render thread/INFO]: [CHAT] - yungsbridges:bridge/wood/27_0
[00:57:04] [Render thread/INFO]: [CHAT] - yungsbridges:bridge/wood/27_0_rotated
[00:57:04] [Render thread/INFO]: [CHAT] - yungsbridges:bridge_list
[00:57:04] [Render thread/INFO]: [CHAT] - botania:brown_mystical_flower_patch
[00:57:04] [Render thread/INFO]: [CHAT] - terralith:brushland/boulder
[00:57:04] [Render thread/INFO]: [CHAT] - terralith:brushland/bushes
[00:57:04] [Render thread/INFO]: [CHAT] - terralith:brushland/grass
[00:57:04] [Render thread/INFO]: [CHAT] - terralith:brushland/grass_extra
[00:57:04] [Render thread/INFO]: [CHAT] - terralith:brushland/patch_tall_grass
[00:57:04] [Render thread/INFO]: [CHAT] - terralith:caldera/lakes
[00:57:04] [Render thread/INFO]: [CHAT] - oretrees:calorite
[00:57:04] [Render thread/INFO]: [CHAT] - oretrees:calorite_bees
[00:57:04] [Render thread/INFO]: [CHAT] - oretrees:calorite_fancy
[00:57:04] [Render thread/INFO]: [CHAT] - oretrees:calorite_fancy_bees
[00:57:04] [Render thread/INFO]: [CHAT] - artifacts:campsite
[00:57:04] [Render thread/INFO]: [CHAT] - terralith:canyon/blooming/flowers
[00:57:04] [Render thread/INFO]: [CHAT] - terralith:canyon/blooming/flowers_white
[00:57:04] [Render thread/INFO]: [CHAT] - terralith:canyon/cliff/calcite_lower
[00:57:04] [Render thread/INFO]: [CHAT] - terralith:canyon/cliff/calcite_upper
[00:57:04] [Render thread/INFO]: [CHAT] - terralith:canyon/cliff/column/calcite
[00:57:04] [Render thread/INFO]: [CHAT] - terralith:canyon/cliff/column/stone
[00:57:04] [Render thread/INFO]: [CHAT] - terralith:canyon/cliff/grass_lower
[00:57:04] [Render thread/INFO]: [CHAT] - terralith:canyon/cliff/grass_upper
[00:57:04] [Render thread/INFO]: [CHAT] - terralith:canyon/generic/slab_stone
[00:57:04] [Render thread/INFO]: [CHAT] - terralith:canyon/glacial/snow
[00:57:04] [Render thread/INFO]: [CHAT] - terralith:canyon/glacial/snow_surface
[00:57:04] [Render thread/INFO]: [CHAT] - terralith:canyon/red_sandstone/clay
[00:57:04] [Render thread/INFO]: [CHAT] - terralith:canyon/red_sandstone/dripleaf
[00:57:04] [Render thread/INFO]: [CHAT] - terralith:canyon/red_sandstone/lake_palms
[00:57:04] [Render thread/INFO]: [CHAT] - terralith:canyon/red_sandstone/lakes
[00:57:04] [Render thread/INFO]: [CHAT] - terralith:canyon/red_sandstone/lilypad
[00:57:04] [Render thread/INFO]: [CHAT] - terralith:canyon/red_sandstone/moss
[00:57:04] [Render thread/INFO]: [CHAT] - terralith:canyon/red_sandstone/moss_carpet
[00:57:04] [Render thread/INFO]: [CHAT] - terralith:canyon/red_sandstone/palm_1
[00:57:04] [Render thread/INFO]: [CHAT] - terralith:canyon/red_sandstone/palm_medium
[00:57:04] [Render thread/INFO]: [CHAT] - terralith:canyon/red_sandstone/palm_tall
[00:57:04] [Render thread/INFO]: [CHAT] - terralith:canyon/red_sandstone/scattered_palms
[00:57:04] [Render thread/INFO]: [CHAT] - terralith:canyon/red_sandstone/terracotta
[00:57:04] [Render thread/INFO]: [CHAT] - terralith:canyon/sandstone/clay
[00:57:04] [Render thread/INFO]: [CHAT] - terralith:canyon/sandstone/cliff
[00:57:04] [Render thread/INFO]: [CHAT] - terralith:canyon/sandstone/dripleaf
[00:57:04] [Render thread/INFO]: [CHAT] - terralith:canyon/sandstone/lake_palms
[00:57:04] [Render thread/INFO]: [CHAT] - terralith:canyon/sandstone/lakes
[00:57:04] [Render thread/INFO]: [CHAT] - terralith:canyon/sandstone/lilypad
[00:57:04] [Render thread/INFO]: [CHAT] - terralith:canyon/sandstone/moss
[00:57:04] [Render thread/INFO]: [CHAT] - terralith:canyon/sandstone/moss_carpet
[00:57:04] [Render thread/INFO]: [CHAT] - terralith:canyon/sandstone/palm_1
[00:57:04] [Render thread/INFO]: [CHAT] - terralith:canyon/sandstone/palm_medium
[00:57:04] [Render thread/INFO]: [CHAT] - terralith:canyon/sandstone/palm_tall
[00:57:04] [Render thread/INFO]: [CHAT] - terralith:canyon/sandstone/sandstone
[00:57:04] [Render thread/INFO]: [CHAT] - terralith:canyon/sandstone/scattered_palms
[00:57:04] [Render thread/INFO]: [CHAT] - terralith:canyon/sandstone/slab
[00:57:04] [Render thread/INFO]: [CHAT] - terralith:canyon/sandstone/slab_smooth
[00:57:04] [Render thread/INFO]: [CHAT] - terralith:cave/desert/dead_bush
[00:57:04] [Render thread/INFO]: [CHAT] - terralith:cave/desert/floors
[00:57:04] [Render thread/INFO]: [CHAT] - terralith:cave/desert/lava
[00:57:04] [Render thread/INFO]: [CHAT] - terralith:cave/desert/noise_reducer
[00:57:04] [Render thread/INFO]: [CHAT] - terralith:cave/desert/noise_reducer_small
[00:57:04] [Render thread/INFO]: [CHAT] - terralith:cave/desert/sand_patch
[00:57:04] [Render thread/INFO]: [CHAT] - terralith:cave/frostfire/columns
[00:57:04] [Render thread/INFO]: [CHAT] - terralith:cave/frostfire/frostfire_ceiling
[00:57:04] [Render thread/INFO]: [CHAT] - terralith:cave/frostfire/frostfire_patch
[00:57:04] [Render thread/INFO]: [CHAT] - terralith:cave/frostfire/pillar
[00:57:04] [Render thread/INFO]: [CHAT] - terralith:cave/frostfire/pillar_huge
[00:57:04] [Render thread/INFO]: [CHAT] - terralith:cave/frostfire/replacer2
[00:57:04] [Render thread/INFO]: [CHAT] - terralith:cave/frostfire/sculk_patch
[00:57:04] [Render thread/INFO]: [CHAT] - terralith:cave/fungal/ceiling
[00:57:04] [Render thread/INFO]: [CHAT] - terralith:cave/fungal/floor
[00:57:04] [Render thread/INFO]: [CHAT] - terralith:cave/fungal/hanging_roots
[00:57:04] [Render thread/INFO]: [CHAT] - terralith:cave/fungal/lichen_patch
[00:57:04] [Render thread/INFO]: [CHAT] - terralith:cave/fungal/mushroom/brown_large
[00:57:04] [Render thread/INFO]: [CHAT] - terralith:cave/fungal/mushroom/brown_medium
[00:57:04] [Render thread/INFO]: [CHAT] - terralith:cave/fungal/mushroom/brown_small
[00:57:04] [Render thread/INFO]: [CHAT] - terralith:cave/fungal/mushroom/red_large
[00:57:04] [Render thread/INFO]: [CHAT] - terralith:cave/fungal/mushroom/red_medium
[00:57:04] [Render thread/INFO]: [CHAT] - terralith:cave/fungal/mushroom/red_small
[00:57:04] [Render thread/INFO]: [CHAT] - terralith:cave/fungal/mushrooms
[00:57:04] [Render thread/INFO]: [CHAT] - terralith:cave/fungal/vegetation
[00:57:04] [Render thread/INFO]: [CHAT] - terralith:cave/generic/amethyst_geode
[00:57:04] [Render thread/INFO]: [CHAT] - terralith:cave/generic/ds_reducer
[00:57:04] [Render thread/INFO]: [CHAT] - terralith:cave/generic/ds_reducer_small
[00:57:04] [Render thread/INFO]: [CHAT] - terralith:cave/generic/mega_geode
[00:57:04] [Render thread/INFO]: [CHAT] - terralith:cave/generic/noise_reducer
[00:57:04] [Render thread/INFO]: [CHAT] - terralith:cave/generic/noise_reducer_small
[00:57:04] [Render thread/INFO]: [CHAT] - terralith:cave/ice/no_lava
[00:57:04] [Render thread/INFO]: [CHAT] - terralith:cave/jungle/azalea_bush
[00:57:04] [Render thread/INFO]: [CHAT] - terralith:cave/jungle/big_dripleaf
[00:57:04] [Render thread/INFO]: [CHAT] - terralith:cave/jungle/ceiling_moss
[00:57:04] [Render thread/INFO]: [CHAT] - terralith:cave/jungle/cherry_petals
[00:57:04] [Render thread/INFO]: [CHAT] - terralith:cave/jungle/cherry_tree
[00:57:04] [Render thread/INFO]: [CHAT] - terralith:cave/jungle/floor
[00:57:04] [Render thread/INFO]: [CHAT] - terralith:cave/jungle/high_foliage
[00:57:04] [Render thread/INFO]: [CHAT] - terralith:cave/jungle/lichen
[00:57:04] [Render thread/INFO]: [CHAT] - terralith:cave/jungle/low_foliage
[00:57:04] [Render thread/INFO]: [CHAT] - terralith:cave/jungle/moss_patch
[00:57:04] [Render thread/INFO]: [CHAT] - terralith:cave/jungle/muddy_roots_ore
[00:57:04] [Render thread/INFO]: [CHAT] - terralith:cave/jungle/pointed_dripstone
[00:57:04] [Render thread/INFO]: [CHAT] - terralith:cave/jungle/tree_1
[00:57:04] [Render thread/INFO]: [CHAT] - terralith:cave/jungle/tree_lollipop
[00:57:04] [Render thread/INFO]: [CHAT] - terralith:cave/jungle/tree_pompom
[00:57:04] [Render thread/INFO]: [CHAT] - terralith:cave/jungle/tree_small
[00:57:04] [Render thread/INFO]: [CHAT] - terralith:cave/jungle/tree_very_large
[00:57:04] [Render thread/INFO]: [CHAT] - terralith:cave/jungle/trees
[00:57:04] [Render thread/INFO]: [CHAT] - terralith:cave/jungle/vegetation
[00:57:04] [Render thread/INFO]: [CHAT] - terralith:cave/jungle/vine
[00:57:04] [Render thread/INFO]: [CHAT] - terralith:cave/mantle/basalt_strip
[00:57:04] [Render thread/INFO]: [CHAT] - terralith:cave/mantle/lava_drip
[00:57:04] [Render thread/INFO]: [CHAT] - terralith:cave/mantle/magma_strip
[00:57:04] [Render thread/INFO]: [CHAT] - terralith:cave/thermal/dripleaf
[00:57:04] [Render thread/INFO]: [CHAT] - terralith:cave/thermal/lakes
[00:57:04] [Render thread/INFO]: [CHAT] - minecraft:cave_vine
[00:57:04] [Render thread/INFO]: [CHAT] - minecraft:cave_vine_in_moss
[00:57:04] [Render thread/INFO]: [CHAT] - ad_extendra:ceres/copper_ore
[00:57:04] [Render thread/INFO]: [CHAT] - ad_extendra:ceres/iron_ore
[00:57:04] [Render thread/INFO]: [CHAT] - draconicevolution:chaos_island
[00:57:04] [Render thread/INFO]: [CHAT] - minecraft:cherry
[00:57:04] [Render thread/INFO]: [CHAT] - terralith:cherry/azalea_bush
[00:57:04] [Render thread/INFO]: [CHAT] - terralith:cherry/flowers_extra
[00:57:04] [Render thread/INFO]: [CHAT] - terralith:cherry/rock
[00:57:04] [Render thread/INFO]: [CHAT] - minecraft:cherry_bees_005
[00:57:04] [Render thread/INFO]: [CHAT] - minecraft:chorus_plant
[00:57:04] [Render thread/INFO]: [CHAT] - oretrees:cinnabar
[00:57:04] [Render thread/INFO]: [CHAT] - oretrees:cinnabar_bees
[00:57:04] [Render thread/INFO]: [CHAT] - oretrees:cinnabar_fancy
[00:57:04] [Render thread/INFO]: [CHAT] - oretrees:cinnabar_fancy_bees
[00:57:04] [Render thread/INFO]: [CHAT] - thermal:cinnabar_ore
[00:57:04] [Render thread/INFO]: [CHAT] - oretrees:clay
[00:57:04] [Render thread/INFO]: [CHAT] - oretrees:clay_bees
[00:57:04] [Render thread/INFO]: [CHAT] - oretrees:clay_fancy
[00:57:04] [Render thread/INFO]: [CHAT] - oretrees:clay_fancy_bees
[00:57:04] [Render thread/INFO]: [CHAT] - minecraft:clay_pool_with_dripleaves
[00:57:04] [Render thread/INFO]: [CHAT] - minecraft:clay_with_dripleaves
[00:57:04] [Render thread/INFO]: [CHAT] - terralith:cliffs/basalt/basalt_column
[00:57:04] [Render thread/INFO]: [CHAT] - terralith:cliffs/basalt/basalt_column_upper
[00:57:04] [Render thread/INFO]: [CHAT] - terralith:cliffs/basalt/basaltifier
[00:57:04] [Render thread/INFO]: [CHAT] - terralith:cliffs/basalt/crack
[00:57:04] [Render thread/INFO]: [CHAT] - terralith:cliffs/basalt/crack_deepslate
[00:57:04] [Render thread/INFO]: [CHAT] - terralith:cliffs/basalt/seed
[00:57:04] [Render thread/INFO]: [CHAT] - terralith:cliffs/basalt/seed_deepslate
[00:57:04] [Render thread/INFO]: [CHAT] - terralith:cliffs/frozen/blue_ice
[00:57:04] [Render thread/INFO]: [CHAT] - terralith:cliffs/frozen/icicle
[00:57:04] [Render thread/INFO]: [CHAT] - terralith:cliffs/frozen/puddle
[00:57:04] [Render thread/INFO]: [CHAT] - terralith:cliffs/granite/granitifier
[00:57:04] [Render thread/INFO]: [CHAT] - terralith:cliffs/white/andesite_crack
[00:57:04] [Render thread/INFO]: [CHAT] - terralith:cliffs/white/andesite_seed
[00:57:04] [Render thread/INFO]: [CHAT] - terralith:cliffs/white/birch_alt
[00:57:04] [Render thread/INFO]: [CHAT] - terralith:cliffs/white/calcitifier
[00:57:04] [Render thread/INFO]: [CHAT] - terralith:cliffs/white/diorite_crack
[00:57:04] [Render thread/INFO]: [CHAT] - terralith:cliffs/white/diorite_seed
[00:57:04] [Render thread/INFO]: [CHAT] - terralith:cliffs/white/moss_vegetation
[00:57:04] [Render thread/INFO]: [CHAT] - terralith:cliffs/white/patch_base
[00:57:04] [Render thread/INFO]: [CHAT] - oretrees:coal
[00:57:04] [Render thread/INFO]: [CHAT] - oretrees:coal_bees
[00:57:04] [Render thread/INFO]: [CHAT] - oretrees:coal_fancy
[00:57:04] [Render thread/INFO]: [CHAT] - oretrees:coal_fancy_bees
[00:57:04] [Render thread/INFO]: [CHAT] - terralith:coastal/bending_acacia
[00:57:04] [Render thread/INFO]: [CHAT] - terralith:coastal/big_hawaii
[00:57:04] [Render thread/INFO]: [CHAT] - terralith:coastal/fancy_oak
[00:57:04] [Render thread/INFO]: [CHAT] - terralith:coastal/jungle_tree
[00:57:04] [Render thread/INFO]: [CHAT] - terralith:coastal/trees_hawaii
[00:57:04] [Render thread/INFO]: [CHAT] - oretrees:cobalt
[00:57:04] [Render thread/INFO]: [CHAT] - oretrees:cobalt_bees
[00:57:04] [Render thread/INFO]: [CHAT] - oretrees:cobalt_fancy
[00:57:04] [Render thread/INFO]: [CHAT] - oretrees:cobalt_fancy_bees
[00:57:04] [Render thread/INFO]: [CHAT] - tconstruct:cobalt_ore_large
[00:57:04] [Render thread/INFO]: [CHAT] - tconstruct:cobalt_ore_small
[00:57:04] [Render thread/INFO]: [CHAT] - oretrees:copper
[00:57:04] [Render thread/INFO]: [CHAT] - oretrees:copper_bees
[00:57:04] [Render thread/INFO]: [CHAT] - oretrees:copper_fancy
[00:57:04] [Render thread/INFO]: [CHAT] - oretrees:copper_fancy_bees
[00:57:04] [Render thread/INFO]: [CHAT] - oretrees:core_t1
[00:57:04] [Render thread/INFO]: [CHAT] - oretrees:core_t1_bees
[00:57:04] [Render thread/INFO]: [CHAT] - oretrees:core_t1_fancy
[00:57:04] [Render thread/INFO]: [CHAT] - oretrees:core_t1_fancy_bees
[00:57:04] [Render thread/INFO]: [CHAT] - oretrees:core_t2
[00:57:04] [Render thread/INFO]: [CHAT] - oretrees:core_t2_bees
[00:57:04] [Render thread/INFO]: [CHAT] - oretrees:core_t2_fancy
[00:57:04] [Render thread/INFO]: [CHAT] - oretrees:core_t2_fancy_bees
[00:57:04] [Render thread/INFO]: [CHAT] - oretrees:core_t3
[00:57:04] [Render thread/INFO]: [CHAT] - oretrees:core_t3_bees
[00:57:04] [Render thread/INFO]: [CHAT] - oretrees:core_t3_fancy
[00:57:04] [Render thread/INFO]: [CHAT] - oretrees:core_t3_fancy_bees
[00:57:04] [Render thread/INFO]: [CHAT] - minecraft:crimson_forest_vegetation
[00:57:04] [Render thread/INFO]: [CHAT] - minecraft:crimson_forest_vegetation_bonemeal
[00:57:04] [Render thread/INFO]: [CHAT] - minecraft:crimson_fungus
[00:57:04] [Render thread/INFO]: [CHAT] - minecraft:crimson_fungus_planted
[00:57:04] [Render thread/INFO]: [CHAT] - botania:cyan_mystical_flower_patch
[00:57:04] [Render thread/INFO]: [CHAT] - terralith:dark/birch
[00:57:04] [Render thread/INFO]: [CHAT] - terralith:dark/brown_mushroom
[00:57:04] [Render thread/INFO]: [CHAT] - terralith:dark/brown_mushroom_2
[00:57:04] [Render thread/INFO]: [CHAT] - terralith:dark/dark_oak
[00:57:04] [Render thread/INFO]: [CHAT] - terralith:dark/disk_mud
[00:57:04] [Render thread/INFO]: [CHAT] - terralith:dark/disk_podzol
[00:57:04] [Render thread/INFO]: [CHAT] - terralith:dark/grass
[00:57:04] [Render thread/INFO]: [CHAT] - terralith:dark/lichen
[00:57:04] [Render thread/INFO]: [CHAT] - terralith:dark/lichen_log
[00:57:04] [Render thread/INFO]: [CHAT] - terralith:dark/oak
[00:57:04] [Render thread/INFO]: [CHAT] - terralith:dark/red_mushroom
[00:57:04] [Render thread/INFO]: [CHAT] - terralith:dark/red_mushroom_2
[00:57:04] [Render thread/INFO]: [CHAT] - terralith:dark/trees
[00:57:04] [Render thread/INFO]: [CHAT] - terralith:dark/twilight_tree
[00:57:04] [Render thread/INFO]: [CHAT] - minecraft:dark_forest_vegetation
[00:57:04] [Render thread/INFO]: [CHAT] - minecraft:dark_oak
[00:57:04] [Render thread/INFO]: [CHAT] - immersiveengineering:deep_nickel
[00:57:04] [Render thread/INFO]: [CHAT] - minecraft:delta
[00:57:04] [Render thread/INFO]: [CHAT] - oretrees:demonite
[00:57:04] [Render thread/INFO]: [CHAT] - oretrees:demonite_bees
[00:57:04] [Render thread/INFO]: [CHAT] - oretrees:demonite_fancy
[00:57:04] [Render thread/INFO]: [CHAT] - oretrees:demonite_fancy_bees
[00:57:04] [Render thread/INFO]: [CHAT] - terralith:desert/gravel/coral_fans
[00:57:04] [Render thread/INFO]: [CHAT] - yungsextras:desert/misc/desert_chillzone
[00:57:04] [Render thread/INFO]: [CHAT] - yungsextras:desert/misc/desert_giant_torch
[00:57:04] [Render thread/INFO]: [CHAT] - yungsextras:desert/misc/desert_ruins_0
[00:57:04] [Render thread/INFO]: [CHAT] - yungsextras:desert/obelisks/desert_obelisk
[00:57:04] [Render thread/INFO]: [CHAT] - yungsextras:desert/obelisks/desert_obelisk_creeper
[00:57:04] [Render thread/INFO]: [CHAT] - yungsextras:desert/obelisks/desert_obelisk_rare
[00:57:04] [Render thread/INFO]: [CHAT] - yungsextras:desert/obelisks/desert_obelisk_ruined
[00:57:04] [Render thread/INFO]: [CHAT] - yungsextras:desert/wells/desert_dry_well_lg
[00:57:04] [Render thread/INFO]: [CHAT] - yungsextras:desert/wells/desert_dry_well_md
[00:57:04] [Render thread/INFO]: [CHAT] - yungsextras:desert/wells/desert_dry_well_sm
[00:57:04] [Render thread/INFO]: [CHAT] - yungsextras:desert/wells/desert_well_lg
[00:57:04] [Render thread/INFO]: [CHAT] - yungsextras:desert/wells/desert_well_md
[00:57:04] [Render thread/INFO]: [CHAT] - yungsextras:desert/wells/desert_well_sm
[00:57:04] [Render thread/INFO]: [CHAT] - yungsextras:desert/wells/desert_wishing_well_lg
[00:57:04] [Render thread/INFO]: [CHAT] - yungsextras:desert/wells/desert_wishing_well_md
[00:57:04] [Render thread/INFO]: [CHAT] - yungsextras:desert/wells/desert_wishing_well_sm
[00:57:04] [Render thread/INFO]: [CHAT] - minecraft:desert_well
[00:57:04] [Render thread/INFO]: [CHAT] - oretrees:desh
[00:57:04] [Render thread/INFO]: [CHAT] - oretrees:desh_bees
[00:57:04] [Render thread/INFO]: [CHAT] - oretrees:desh_fancy
[00:57:04] [Render thread/INFO]: [CHAT] - oretrees:desh_fancy_bees
[00:57:04] [Render thread/INFO]: [CHAT] - oretrees:diamond
[00:57:04] [Render thread/INFO]: [CHAT] - oretrees:diamond_bees
[00:57:04] [Render thread/INFO]: [CHAT] - oretrees:diamond_fancy
[00:57:04] [Render thread/INFO]: [CHAT] - oretrees:diamond_fancy_bees
[00:57:04] [Render thread/INFO]: [CHAT] - oretrees:dimensional_shard
[00:57:04] [Render thread/INFO]: [CHAT] - oretrees:dimensional_shard_bees
[00:57:04] [Render thread/INFO]: [CHAT] - oretrees:dimensional_shard_fancy
[00:57:04] [Render thread/INFO]: [CHAT] - oretrees:dimensional_shard_fancy_bees
[00:57:04] [Render thread/INFO]: [CHAT] - rftoolsbase:dimshard_dimensions
[00:57:04] [Render thread/INFO]: [CHAT] - rftoolsbase:dimshard_end
[00:57:04] [Render thread/INFO]: [CHAT] - rftoolsbase:dimshard_nether
[00:57:04] [Render thread/INFO]: [CHAT] - rftoolsbase:dimshard_overworld
[00:57:04] [Render thread/INFO]: [CHAT] - minecraft:disk_clay
[00:57:04] [Render thread/INFO]: [CHAT] - minecraft:disk_grass
[00:57:04] [Render thread/INFO]: [CHAT] - minecraft:disk_gravel
[00:57:04] [Render thread/INFO]: [CHAT] - minecraft:disk_sand
[00:57:04] [Render thread/INFO]: [CHAT] - oretrees:draconium
[00:57:04] [Render thread/INFO]: [CHAT] - oretrees:draconium_bees
[00:57:04] [Render thread/INFO]: [CHAT] - oretrees:draconium_fancy
[00:57:04] [Render thread/INFO]: [CHAT] - oretrees:draconium_fancy_bees
[00:57:04] [Render thread/INFO]: [CHAT] - mythicbotany:dragonstone_ore
[00:57:04] [Render thread/INFO]: [CHAT] - mythicbotany:dreamwood_trees
[00:57:04] [Render thread/INFO]: [CHAT] - minecraft:dripleaf
[00:57:04] [Render thread/INFO]: [CHAT] - minecraft:dripstone_cluster
[00:57:04] [Render thread/INFO]: [CHAT] - powah:dry_ice
[00:57:04] [Render thread/INFO]: [CHAT] - tconstruct:earth_geode
[00:57:04] [Render thread/INFO]: [CHAT] - tconstruct:earth_slime_island_tree
[00:57:04] [Render thread/INFO]: [CHAT] - tconstruct:earth_slime_tree
[00:57:04] [Render thread/INFO]: [CHAT] - oretrees:electrolyte
[00:57:04] [Render thread/INFO]: [CHAT] - oretrees:electrolyte_bees
[00:57:04] [Render thread/INFO]: [CHAT] - oretrees:electrolyte_fancy
[00:57:04] [Render thread/INFO]: [CHAT] - oretrees:electrolyte_fancy_bees
[00:57:04] [Render thread/INFO]: [CHAT] - mythicbotany:elementium_ore
[00:57:04] [Render thread/INFO]: [CHAT] - oretrees:emerald
[00:57:04] [Render thread/INFO]: [CHAT] - oretrees:emerald_bees
[00:57:04] [Render thread/INFO]: [CHAT] - oretrees:emerald_fancy
[00:57:04] [Render thread/INFO]: [CHAT] - oretrees:emerald_fancy_bees
[00:57:04] [Render thread/INFO]: [CHAT] - terralith:enchanted/big_tree
[00:57:04] [Render thread/INFO]: [CHAT] - terralith:enchanted/enchanted_oak
[00:57:04] [Render thread/INFO]: [CHAT] - terralith:enchanted/jungle_tree
[00:57:04] [Render thread/INFO]: [CHAT] - terralith:enchanted/shrooms
[00:57:04] [Render thread/INFO]: [CHAT] - terralith:enchanted/shrooms_brown
[00:57:04] [Render thread/INFO]: [CHAT] - terralith:enchanted/trees
[00:57:04] [Render thread/INFO]: [CHAT] - draconicevolution:end_comet
[00:57:04] [Render thread/INFO]: [CHAT] - draconicevolution:end_draconium_ore
[00:57:04] [Render thread/INFO]: [CHAT] - minecraft:end_gateway_delayed
[00:57:04] [Render thread/INFO]: [CHAT] - minecraft:end_gateway_return
[00:57:04] [Render thread/INFO]: [CHAT] - minecraft:end_island
[00:57:04] [Render thread/INFO]: [CHAT] - minecraft:end_spike
[00:57:04] [Render thread/INFO]: [CHAT] - tconstruct:ender_geode
[00:57:04] [Render thread/INFO]: [CHAT] - tconstruct:ender_slime_tree
[00:57:04] [Render thread/INFO]: [CHAT] - tconstruct:ender_slime_tree_tall
[00:57:04] [Render thread/INFO]: [CHAT] - ad_extendra:eris/copper_ore
[00:57:04] [Render thread/INFO]: [CHAT] - ad_extendra:eris/iron_ore
[00:57:04] [Render thread/INFO]: [CHAT] - minecraft:fancy_oak
[00:57:04] [Render thread/INFO]: [CHAT] - minecraft:fancy_oak_bees
[00:57:04] [Render thread/INFO]: [CHAT] - minecraft:fancy_oak_bees_0002
[00:57:04] [Render thread/INFO]: [CHAT] - minecraft:fancy_oak_bees_002
[00:57:04] [Render thread/INFO]: [CHAT] - minecraft:fancy_oak_bees_005
[00:57:04] [Render thread/INFO]: [CHAT] - terralith:flower/blue/amethysts
[00:57:04] [Render thread/INFO]: [CHAT] - terralith:flower/blue/birch_tree
[00:57:04] [Render thread/INFO]: [CHAT] - terralith:flower/blue/blue_disk
[00:57:04] [Render thread/INFO]: [CHAT] - terralith:flower/blue/blue_tree
[00:57:04] [Render thread/INFO]: [CHAT] - terralith:flower/blue/flowers
[00:57:04] [Render thread/INFO]: [CHAT] - terralith:flower/blue/main_tree
[00:57:04] [Render thread/INFO]: [CHAT] - terralith:flower/blue/nylium_disk
[00:57:04] [Render thread/INFO]: [CHAT] - terralith:flower/blue/trees
[00:57:04] [Render thread/INFO]: [CHAT] - terralith:flower/lavender/disk_clay
[00:57:04] [Render thread/INFO]: [CHAT] - terralith:flower/lavender/flower
[00:57:04] [Render thread/INFO]: [CHAT] - terralith:flower/lavender/main_tree
[00:57:04] [Render thread/INFO]: [CHAT] - terralith:flower/lavender/trees
[00:57:04] [Render thread/INFO]: [CHAT] - terralith:flower/white/birch_bending
[00:57:04] [Render thread/INFO]: [CHAT] - terralith:flower/white/cloud_tree
[00:57:04] [Render thread/INFO]: [CHAT] - terralith:flower/white/cloud_tree_bending
[00:57:04] [Render thread/INFO]: [CHAT] - terralith:flower/white/flowers
[00:57:04] [Render thread/INFO]: [CHAT] - terralith:flower/white/trees
[00:57:04] [Render thread/INFO]: [CHAT] - terralith:flower/white/twilight_tree
[00:57:04] [Render thread/INFO]: [CHAT] - minecraft:flower_cherry
[00:57:04] [Render thread/INFO]: [CHAT] - minecraft:flower_default
[00:57:04] [Render thread/INFO]: [CHAT] - minecraft:flower_flower_forest
[00:57:04] [Render thread/INFO]: [CHAT] - minecraft:flower_meadow
[00:57:04] [Render thread/INFO]: [CHAT] - minecraft:flower_plain
[00:57:04] [Render thread/INFO]: [CHAT] - minecraft:flower_swamp
[00:57:04] [Render thread/INFO]: [CHAT] - integrateddynamics:flowers_meneglin
[00:57:04] [Render thread/INFO]: [CHAT] - oretrees:fluorite
[00:57:04] [Render thread/INFO]: [CHAT] - oretrees:fluorite_bees
[00:57:04] [Render thread/INFO]: [CHAT] - oretrees:fluorite_fancy
[00:57:04] [Render thread/INFO]: [CHAT] - oretrees:fluorite_fancy_bees
[00:57:04] [Render thread/INFO]: [CHAT] - terralith:forest/flower/beaches
[00:57:04] [Render thread/INFO]: [CHAT] - terralith:forest/flower/cloud_tree
[00:57:04] [Render thread/INFO]: [CHAT] - terralith:forest/flower/cloud_trees
[00:57:04] [Render thread/INFO]: [CHAT] - terralith:forest/flower/mid/birch_mid
[00:57:04] [Render thread/INFO]: [CHAT] - terralith:forest/flower/mid/oak_mid
[00:57:04] [Render thread/INFO]: [CHAT] - terralith:forest/flower/mid/oak_mid_m
[00:57:04] [Render thread/INFO]: [CHAT] - terralith:forest/flower/mid/trees_mid
[00:57:04] [Render thread/INFO]: [CHAT] - terralith:forest/flower/small/birch_small
[00:57:04] [Render thread/INFO]: [CHAT] - terralith:forest/flower/small/oak_small
[00:57:04] [Render thread/INFO]: [CHAT] - terralith:forest/flower/small/oak_small_m
[00:57:04] [Render thread/INFO]: [CHAT] - terralith:forest/flower/small/trees_small
[00:57:04] [Render thread/INFO]: [CHAT] - terralith:forest/flower/tall/trees_tall
[00:57:04] [Render thread/INFO]: [CHAT] - terralith:forest/flower/tiny/trees_tiny
[00:57:04] [Render thread/INFO]: [CHAT] - terralith:forest/vanilla/fancy_oak
[00:57:04] [Render thread/INFO]: [CHAT] - terralith:forest/vanilla/flowers
[00:57:04] [Render thread/INFO]: [CHAT] - terralith:forest/vanilla/oak
[00:57:04] [Render thread/INFO]: [CHAT] - terralith:forest/vanilla/trees
[00:57:04] [Render thread/INFO]: [CHAT] - minecraft:forest_flowers
[00:57:04] [Render thread/INFO]: [CHAT] - minecraft:forest_rock
[00:57:04] [Render thread/INFO]: [CHAT] - minecraft:fossil_coal
[00:57:04] [Render thread/INFO]: [CHAT] - minecraft:fossil_diamonds
[00:57:04] [Render thread/INFO]: [CHAT] - minecraft:freeze_top_layer
[00:57:04] [Render thread/INFO]: [CHAT] - adastraextra:gas_cloud_feature
[00:57:04] [Render thread/INFO]: [CHAT] - ad_extendra:glacio/glacian_sapling
[00:57:04] [Render thread/INFO]: [CHAT] - ad_astra:glacio_coal_ore
[00:57:04] [Render thread/INFO]: [CHAT] - ad_astra:glacio_copper_ore
[00:57:04] [Render thread/INFO]: [CHAT] - ad_astra:glacio_deepslate_coal_ore
[00:57:04] [Render thread/INFO]: [CHAT] - ad_astra:glacio_deepslate_copper_ore
[00:57:04] [Render thread/INFO]: [CHAT] - ad_astra:glacio_deepslate_iron_ore
[00:57:04] [Render thread/INFO]: [CHAT] - ad_astra:glacio_deepslate_lapis_ore
[00:57:04] [Render thread/INFO]: [CHAT] - ad_astra:glacio_ice_shard_ore
[00:57:04] [Render thread/INFO]: [CHAT] - ad_astra:glacio_iron_ore
[00:57:04] [Render thread/INFO]: [CHAT] - ad_astra:glacio_lapis_ore
[00:57:04] [Render thread/INFO]: [CHAT] - deeperdarker:gloomslate_column
[00:57:04] [Render thread/INFO]: [CHAT] - deeperdarker:gloomslate_generation
[00:57:04] [Render thread/INFO]: [CHAT] - deeperdarker:gloomy_sculk_patch
[00:57:04] [Render thread/INFO]: [CHAT] - deeperdarker:gloomy_sculk_vegetation
[00:57:04] [Render thread/INFO]: [CHAT] - minecraft:glow_lichen
[00:57:04] [Render thread/INFO]: [CHAT] - deeperdarker:glowing_roots
[00:57:04] [Render thread/INFO]: [CHAT] - deeperdarker:glowing_vines
[00:57:04] [Render thread/INFO]: [CHAT] - deeperdarker:glowing_vines_short
[00:57:04] [Render thread/INFO]: [CHAT] - oretrees:glowstone
[00:57:04] [Render thread/INFO]: [CHAT] - oretrees:glowstone_bees
[00:57:04] [Render thread/INFO]: [CHAT] - minecraft:glowstone_extra
[00:57:04] [Render thread/INFO]: [CHAT] - oretrees:glowstone_fancy
[00:57:04] [Render thread/INFO]: [CHAT] - oretrees:glowstone_fancy_bees
[00:57:04] [Render thread/INFO]: [CHAT] - oretrees:gold
[00:57:04] [Render thread/INFO]: [CHAT] - oretrees:gold_bees
[00:57:04] [Render thread/INFO]: [CHAT] - oretrees:gold_fancy
[00:57:04] [Render thread/INFO]: [CHAT] - oretrees:gold_fancy_bees
[00:57:04] [Render thread/INFO]: [CHAT] - mythicbotany:gold_ore
[00:57:04] [Render thread/INFO]: [CHAT] - ad_extendra:gonggong/copper_ore
[00:57:04] [Render thread/INFO]: [CHAT] - ad_extendra:gonggong/iron_ore
[00:57:04] [Render thread/INFO]: [CHAT] - oretrees:gravel
[00:57:04] [Render thread/INFO]: [CHAT] - oretrees:gravel_bees
[00:57:04] [Render thread/INFO]: [CHAT] - oretrees:gravel_fancy
[00:57:04] [Render thread/INFO]: [CHAT] - oretrees:gravel_fancy_bees
[00:57:04] [Render thread/INFO]: [CHAT] - botania:gray_mystical_flower_patch
[00:57:04] [Render thread/INFO]: [CHAT] - botania:green_mystical_flower_patch
[00:57:04] [Render thread/INFO]: [CHAT] - terralith:grove/alpine/trees_tiny
[00:57:04] [Render thread/INFO]: [CHAT] - terralith:grove/mid/trees_mid
[00:57:04] [Render thread/INFO]: [CHAT] - terralith:grove/small/trees_small
[00:57:04] [Render thread/INFO]: [CHAT] - terralith:grove/tall/trees_tall
[00:57:04] [Render thread/INFO]: [CHAT] - terralith:grove/tiny/trees_tiny
[00:57:04] [Render thread/INFO]: [CHAT] - ad_extendra:haumea/copper_ore
[00:57:04] [Render thread/INFO]: [CHAT] - ad_extendra:haumea/iron_ore
[00:57:04] [Render thread/INFO]: [CHAT] - oretrees:hellforged_parts
[00:57:04] [Render thread/INFO]: [CHAT] - oretrees:hellforged_parts_bees
[00:57:04] [Render thread/INFO]: [CHAT] - oretrees:hellforged_parts_fancy
[00:57:04] [Render thread/INFO]: [CHAT] - oretrees:hellforged_parts_fancy_bees
[00:57:04] [Render thread/INFO]: [CHAT] - terralith:highlands/alpine/bushes
[00:57:04] [Render thread/INFO]: [CHAT] - terralith:highlands/alpine/grass
[00:57:04] [Render thread/INFO]: [CHAT] - terralith:highlands/alpine/grass_extra
[00:57:04] [Render thread/INFO]: [CHAT] - terralith:highlands/alpine/pine
[00:57:04] [Render thread/INFO]: [CHAT] - terralith:highlands/alpine/spruce_pine
[00:57:04] [Render thread/INFO]: [CHAT] - terralith:highlands/arid/bush_medium
[00:57:04] [Render thread/INFO]: [CHAT] - terralith:highlands/arid/bush_small
[00:57:04] [Render thread/INFO]: [CHAT] - terralith:highlands/arid/bushes
[00:57:04] [Render thread/INFO]: [CHAT] - terralith:highlands/arid/cliff
[00:57:04] [Render thread/INFO]: [CHAT] - terralith:highlands/arid/tree
[00:57:04] [Render thread/INFO]: [CHAT] - terralith:highlands/disk_gravel
[00:57:04] [Render thread/INFO]: [CHAT] - terralith:highlands/flowers
[00:57:04] [Render thread/INFO]: [CHAT] - terralith:highlands/forest/creek
[00:57:04] [Render thread/INFO]: [CHAT] - terralith:highlands/forest/disk_gravel
[00:57:04] [Render thread/INFO]: [CHAT] - terralith:highlands/forest/flowers
[00:57:04] [Render thread/INFO]: [CHAT] - terralith:highlands/forest/grass
[00:57:04] [Render thread/INFO]: [CHAT] - terralith:highlands/forest/mid/pine_mid
[00:57:04] [Render thread/INFO]: [CHAT] - terralith:highlands/forest/mid/spruce_mid_m
[00:57:04] [Render thread/INFO]: [CHAT] - terralith:highlands/forest/mid/trees_mid
[00:57:04] [Render thread/INFO]: [CHAT] - terralith:highlands/forest/small/trees_small
[00:57:04] [Render thread/INFO]: [CHAT] - terralith:highlands/forest/tall/trees_tall
[00:57:04] [Render thread/INFO]: [CHAT] - terralith:highlands/forest/tall_flowers
[00:57:04] [Render thread/INFO]: [CHAT] - terralith:highlands/forest/tiny/trees_tiny
[00:57:04] [Render thread/INFO]: [CHAT] - terralith:highlands/forest/tree_maple_cold
[00:57:04] [Render thread/INFO]: [CHAT] - terralith:highlands/forest/trees_maple
[00:57:04] [Render thread/INFO]: [CHAT] - terralith:highlands/grass
[00:57:04] [Render thread/INFO]: [CHAT] - terralith:highlands/lake
[00:57:04] [Render thread/INFO]: [CHAT] - terralith:highlands/lichen
[00:57:04] [Render thread/INFO]: [CHAT] - terralith:highlands/pillar
[00:57:04] [Render thread/INFO]: [CHAT] - terralith:highlands/steppe/bush
[00:57:04] [Render thread/INFO]: [CHAT] - terralith:highlands/steppe/bush_medium
[00:57:04] [Render thread/INFO]: [CHAT] - terralith:highlands/steppe/bush_small
[00:57:04] [Render thread/INFO]: [CHAT] - terralith:highlands/tall_flowers
[00:57:04] [Render thread/INFO]: [CHAT] - terralith:highlands/temperate/cloud_trees
[00:57:04] [Render thread/INFO]: [CHAT] - terralith:highlands/temperate/dark_oak
[00:57:04] [Render thread/INFO]: [CHAT] - terralith:highlands/temperate/flowers
[00:57:04] [Render thread/INFO]: [CHAT] - terralith:highlands/temperate/mid/pine_mid
[00:57:04] [Render thread/INFO]: [CHAT] - terralith:highlands/temperate/mid/spruce_mid
[00:57:04] [Render thread/INFO]: [CHAT] - terralith:highlands/temperate/mid/spruce_mid_m
[00:57:04] [Render thread/INFO]: [CHAT] - terralith:highlands/temperate/pile_birch
[00:57:04] [Render thread/INFO]: [CHAT] - terralith:highlands/temperate/pile_oak
[00:57:04] [Render thread/INFO]: [CHAT] - terralith:highlands/temperate/small/pine_small
[00:57:04] [Render thread/INFO]: [CHAT] - terralith:highlands/temperate/small/spruce_small
[00:57:04] [Render thread/INFO]: [CHAT] - terralith:highlands/temperate/small/spruce_small_m
[00:57:04] [Render thread/INFO]: [CHAT] - terralith:highlands/temperate/tall/pine_tall
[00:57:04] [Render thread/INFO]: [CHAT] - terralith:highlands/temperate/tall/spruce_tall
[00:57:04] [Render thread/INFO]: [CHAT] - terralith:highlands/temperate/tall/spruce_tall_m
[00:57:04] [Render thread/INFO]: [CHAT] - terralith:highlands/temperate/tiny/pine_tiny
[00:57:04] [Render thread/INFO]: [CHAT] - terralith:highlands/temperate/tiny/spruce_tiny
[00:57:04] [Render thread/INFO]: [CHAT] - terralith:highlands/temperate/tiny/spruce_tiny_m
[00:57:04] [Render thread/INFO]: [CHAT] - terralith:highlands/temperate/trees_neg
[00:57:04] [Render thread/INFO]: [CHAT] - terralith:highlands/temperate/trees_orange
[00:57:04] [Render thread/INFO]: [CHAT] - terralith:highlands/temperate/trees_pos
[00:57:04] [Render thread/INFO]: [CHAT] - terralith:highlands/trees
[00:57:04] [Render thread/INFO]: [CHAT] - terralith:highlands/vines_seed
[00:57:04] [Render thread/INFO]: [CHAT] - terralith:highlands/vines_spread
[00:57:04] [Render thread/INFO]: [CHAT] - minecraft:huge_brown_mushroom
[00:57:04] [Render thread/INFO]: [CHAT] - minecraft:huge_red_mushroom
[00:57:04] [Render thread/INFO]: [CHAT] - minecraft:ice_patch
[00:57:04] [Render thread/INFO]: [CHAT] - oretrees:ice_shard
[00:57:04] [Render thread/INFO]: [CHAT] - oretrees:ice_shard_bees
[00:57:04] [Render thread/INFO]: [CHAT] - oretrees:ice_shard_fancy
[00:57:04] [Render thread/INFO]: [CHAT] - oretrees:ice_shard_fancy_bees
[00:57:04] [Render thread/INFO]: [CHAT] - minecraft:ice_spike
[00:57:04] [Render thread/INFO]: [CHAT] - minecraft:iceberg_blue
[00:57:04] [Render thread/INFO]: [CHAT] - minecraft:iceberg_packed
[00:57:04] [Render thread/INFO]: [CHAT] - tconstruct:ichor_geode
[00:57:04] [Render thread/INFO]: [CHAT] - tconstruct:ichor_slime_fungus
[00:57:04] [Render thread/INFO]: [CHAT] - oretrees:iron
[00:57:04] [Render thread/INFO]: [CHAT] - oretrees:iron_bees
[00:57:04] [Render thread/INFO]: [CHAT] - oretrees:iron_fancy
[00:57:04] [Render thread/INFO]: [CHAT] - oretrees:iron_fancy_bees
[00:57:04] [Render thread/INFO]: [CHAT] - terralith:jungle/amethyst/acacia_azalea
[00:57:04] [Render thread/INFO]: [CHAT] - terralith:jungle/amethyst/bending_acacia
[00:57:04] [Render thread/INFO]: [CHAT] - terralith:jungle/amethyst/big_hawaii
[00:57:04] [Render thread/INFO]: [CHAT] - terralith:jungle/amethyst/cliff
[00:57:04] [Render thread/INFO]: [CHAT] - terralith:jungle/amethyst/small_azalea
[00:57:04] [Render thread/INFO]: [CHAT] - terralith:jungle/amethyst/tree_2x2
[00:57:04] [Render thread/INFO]: [CHAT] - terralith:jungle/amethyst/tree_2x2_azalea
[00:57:04] [Render thread/INFO]: [CHAT] - terralith:jungle/amethyst/tree_2x2_azalea_flowering
[00:57:04] [Render thread/INFO]: [CHAT] - terralith:jungle/amethyst/trees
[00:57:04] [Render thread/INFO]: [CHAT] - terralith:jungle/mega/giant_tree/branch
[00:57:04] [Render thread/INFO]: [CHAT] - terralith:jungle/mega/giant_tree/branch_2
[00:57:04] [Render thread/INFO]: [CHAT] - terralith:jungle/mega/giant_tree/top
[00:57:04] [Render thread/INFO]: [CHAT] - terralith:jungle/mega/giant_tree/trunk
[00:57:04] [Render thread/INFO]: [CHAT] - terralith:jungle/mountains/slab_andesite
[00:57:04] [Render thread/INFO]: [CHAT] - terralith:jungle/mountains/slab_stone
[00:57:04] [Render thread/INFO]: [CHAT] - terralith:jungle/patch_melon
[00:57:04] [Render thread/INFO]: [CHAT] - terralith:jungle/rocky/cliff
[00:57:04] [Render thread/INFO]: [CHAT] - terralith:jungle/rocky/column
[00:57:04] [Render thread/INFO]: [CHAT] - terralith:jungle/vanilla/bending_jungle_tree
[00:57:04] [Render thread/INFO]: [CHAT] - terralith:jungle/vanilla/fancy_oak_bend
[00:57:04] [Render thread/INFO]: [CHAT] - terralith:jungle/vanilla/fence_tree
[00:57:04] [Render thread/INFO]: [CHAT] - terralith:jungle/vanilla/trees_jungle
[00:57:04] [Render thread/INFO]: [CHAT] - minecraft:jungle_bush
[00:57:04] [Render thread/INFO]: [CHAT] - minecraft:jungle_tree
[00:57:04] [Render thread/INFO]: [CHAT] - minecraft:jungle_tree_no_vine
[00:57:04] [Render thread/INFO]: [CHAT] - oretrees:juperium
[00:57:04] [Render thread/INFO]: [CHAT] - oretrees:juperium_bees
[00:57:04] [Render thread/INFO]: [CHAT] - oretrees:juperium_fancy
[00:57:04] [Render thread/INFO]: [CHAT] - oretrees:juperium_fancy_bees
[00:57:04] [Render thread/INFO]: [CHAT] - ad_extendra:jupiter/coal_ore
[00:57:04] [Render thread/INFO]: [CHAT] - ad_extendra:jupiter/diamond_ore
[00:57:04] [Render thread/INFO]: [CHAT] - ad_extendra:jupiter/gold_ore
[00:57:04] [Render thread/INFO]: [CHAT] - ad_extendra:jupiter/juperium_ore
[00:57:04] [Render thread/INFO]: [CHAT] - minecraft:kelp
[00:57:04] [Render thread/INFO]: [CHAT] - minecraft:lake_lava
[00:57:04] [Render thread/INFO]: [CHAT] - oretrees:lapis
[00:57:04] [Render thread/INFO]: [CHAT] - oretrees:lapis_bees
[00:57:04] [Render thread/INFO]: [CHAT] - oretrees:lapis_fancy
[00:57:04] [Render thread/INFO]: [CHAT] - oretrees:lapis_fancy_bees
[00:57:04] [Render thread/INFO]: [CHAT] - minecraft:large_basalt_columns
[00:57:04] [Render thread/INFO]: [CHAT] - minecraft:large_dripstone
[00:57:04] [Render thread/INFO]: [CHAT] - ad_astra:large_infernal_spire_column
[00:57:04] [Render thread/INFO]: [CHAT] - immersiveengineering:lead
[00:57:04] [Render thread/INFO]: [CHAT] - oretrees:lead
[00:57:04] [Render thread/INFO]: [CHAT] - oretrees:lead_bees
[00:57:04] [Render thread/INFO]: [CHAT] - oretrees:lead_fancy
[00:57:04] [Render thread/INFO]: [CHAT] - oretrees:lead_fancy_bees
[00:57:04] [Render thread/INFO]: [CHAT] - thermal:lead_ore
[00:57:04] [Render thread/INFO]: [CHAT] - botania:light_blue_mystical_flower_patch
[00:57:04] [Render thread/INFO]: [CHAT] - botania:light_gray_mystical_flower_patch
[00:57:04] [Render thread/INFO]: [CHAT] - botania:lime_mystical_flower_patch
[00:57:04] [Render thread/INFO]: [CHAT] - minecraft:lush_caves_clay
[00:57:04] [Render thread/INFO]: [CHAT] - botania:magenta_mystical_flower_patch
[00:57:04] [Render thread/INFO]: [CHAT] - create_new_age:magnetite
[00:57:04] [Render thread/INFO]: [CHAT] - ad_extendra:makemake/copper_ore
[00:57:04] [Render thread/INFO]: [CHAT] - ad_extendra:makemake/iron_ore
[00:57:04] [Render thread/INFO]: [CHAT] - mythicbotany:mana_crystals
[00:57:04] [Render thread/INFO]: [CHAT] - minecraft:mangrove
[00:57:04] [Render thread/INFO]: [CHAT] - minecraft:mangrove_vegetation
[00:57:04] [Render thread/INFO]: [CHAT] - ad_astra:mars_diamond_ore
[00:57:04] [Render thread/INFO]: [CHAT] - ad_astra:mars_ice_shard_ore
[00:57:04] [Render thread/INFO]: [CHAT] - ad_astra:mars_iron_ore
[00:57:04] [Render thread/INFO]: [CHAT] - ad_astra:mars_ostrum_ore
[00:57:04] [Render thread/INFO]: [CHAT] - ad_astra:mars_rock
[00:57:04] [Render thread/INFO]: [CHAT] - minecraft:meadow_trees
[00:57:04] [Render thread/INFO]: [CHAT] - minecraft:mega_jungle_tree
[00:57:04] [Render thread/INFO]: [CHAT] - minecraft:mega_pine
[00:57:04] [Render thread/INFO]: [CHAT] - thermal:mega_rubberwood_tree
[00:57:04] [Render thread/INFO]: [CHAT] - minecraft:mega_spruce
[00:57:04] [Render thread/INFO]: [CHAT] - ad_astra:mercury_iron_ore
[00:57:04] [Render thread/INFO]: [CHAT] - mythicbotany:metamorphic_desert_stone
[00:57:04] [Render thread/INFO]: [CHAT] - mythicbotany:metamorphic_forest_stone
[00:57:04] [Render thread/INFO]: [CHAT] - mythicbotany:metamorphic_fungal_stone
[00:57:04] [Render thread/INFO]: [CHAT] - mythicbotany:metamorphic_mesa_stone
[00:57:04] [Render thread/INFO]: [CHAT] - mythicbotany:metamorphic_mountain_stone
[00:57:04] [Render thread/INFO]: [CHAT] - mythicbotany:metamorphic_swamp_stone
[00:57:04] [Render thread/INFO]: [CHAT] - mythicbotany:metamorphic_taiga_stone
[00:57:04] [Render thread/INFO]: [CHAT] - immersiveengineering:mineral_veins
[00:57:04] [Render thread/INFO]: [CHAT] - minecraft:monster_room
[00:57:04] [Render thread/INFO]: [CHAT] - ad_extendra:moon/aeronos_mushroom
[00:57:04] [Render thread/INFO]: [CHAT] - ad_extendra:moon/strophar_mushroom
[00:57:04] [Render thread/INFO]: [CHAT] - ad_astra:moon_cheese_ore
[00:57:04] [Render thread/INFO]: [CHAT] - ad_astra:moon_desh_ore
[00:57:04] [Render thread/INFO]: [CHAT] - ad_astra:moon_ice_shard_ore
[00:57:04] [Render thread/INFO]: [CHAT] - ad_astra:moon_iron_ore
[00:57:04] [Render thread/INFO]: [CHAT] - ad_astra:moon_soul_soil
[00:57:04] [Render thread/INFO]: [CHAT] - minecraft:moss_patch
[00:57:04] [Render thread/INFO]: [CHAT] - minecraft:moss_patch_bonemeal
[00:57:04] [Render thread/INFO]: [CHAT] - minecraft:moss_patch_ceiling
[00:57:04] [Render thread/INFO]: [CHAT] - minecraft:moss_vegetation
[00:57:04] [Render thread/INFO]: [CHAT] - waystones:mossy_waystone
[00:57:04] [Render thread/INFO]: [CHAT] - mythicbotany:motif_flowers
[00:57:04] [Render thread/INFO]: [CHAT] - terralith:mountains/emerald/emerald_geode
[00:57:04] [Render thread/INFO]: [CHAT] - terralith:mountains/emerald/trees/mid/pine_mid
[00:57:04] [Render thread/INFO]: [CHAT] - terralith:mountains/emerald/trees/mid/spruce_mid
[00:57:04] [Render thread/INFO]: [CHAT] - terralith:mountains/emerald/trees/mid/spruce_mid_m
[00:57:04] [Render thread/INFO]: [CHAT] - terralith:mountains/emerald/trees/small/pine_small
[00:57:04] [Render thread/INFO]: [CHAT] - terralith:mountains/emerald/trees/small/spruce_small
[00:57:04] [Render thread/INFO]: [CHAT] - terralith:mountains/emerald/trees/small/spruce_small_m
[00:57:04] [Render thread/INFO]: [CHAT] - terralith:mountains/emerald/trees/tall/pine_tall
[00:57:04] [Render thread/INFO]: [CHAT] - terralith:mountains/emerald/trees/tall/spruce_tall
[00:57:04] [Render thread/INFO]: [CHAT] - terralith:mountains/emerald/trees/tall/spruce_tall_m
[00:57:04] [Render thread/INFO]: [CHAT] - terralith:mountains/emerald/trees/tiny/pine_tiny
[00:57:04] [Render thread/INFO]: [CHAT] - terralith:mountains/emerald/trees/tiny/spruce_tiny
[00:57:04] [Render thread/INFO]: [CHAT] - terralith:mountains/emerald/trees/tiny/spruce_tiny_m
[00:57:04] [Render thread/INFO]: [CHAT] - terralith:mountains/misty/trees_base
[00:57:04] [Render thread/INFO]: [CHAT] - terralith:mountains/misty/trees_birch
[00:57:04] [Render thread/INFO]: [CHAT] - terralith:mountains/misty/trees_mid
[00:57:04] [Render thread/INFO]: [CHAT] - terralith:mountains/misty/trees_top
[00:57:04] [Render thread/INFO]: [CHAT] - terralith:mountains/misty/tuff
[00:57:04] [Render thread/INFO]: [CHAT] - terralith:mountains/misty/tuff_lake
[00:57:04] [Render thread/INFO]: [CHAT] - terralith:mountains/misty/v_lake
[00:57:04] [Render thread/INFO]: [CHAT] - terralith:mountains/painted/surface_dx
[00:57:04] [Render thread/INFO]: [CHAT] - terralith:mountains/rocky/deepslate
[00:57:04] [Render thread/INFO]: [CHAT] - terralith:mountains/rocky/deepslate_extra
[00:57:04] [Render thread/INFO]: [CHAT] - terralith:mountains/rocky/funny_snow
[00:57:04] [Render thread/INFO]: [CHAT] - terralith:mountains/rocky/funny_snow_segwit_2x
[00:57:04] [Render thread/INFO]: [CHAT] - terralith:mountains/rocky/snow
[00:57:04] [Render thread/INFO]: [CHAT] - terralith:mountains/rocky/tuff
[00:57:04] [Render thread/INFO]: [CHAT] - terralith:mountains/scarlet/crimson_patch
[00:57:04] [Render thread/INFO]: [CHAT] - terralith:mountains/scarlet/remove_some_snow
[00:57:04] [Render thread/INFO]: [CHAT] - terralith:mountains/scarlet/remove_steep_snow
[00:57:04] [Render thread/INFO]: [CHAT] - terralith:mountains/scarlet/snow_patch
[00:57:04] [Render thread/INFO]: [CHAT] - terralith:mushroom/brown_mushroom
[00:57:04] [Render thread/INFO]: [CHAT] - terralith:mushroom/brown_mushroom_2
[00:57:04] [Render thread/INFO]: [CHAT] - terralith:mushroom/brown_mushroom_small
[00:57:04] [Render thread/INFO]: [CHAT] - terralith:mushroom/red_mushroom
[00:57:04] [Render thread/INFO]: [CHAT] - terralith:mushroom/red_mushroom_2
[00:57:04] [Render thread/INFO]: [CHAT] - terralith:mushroom/red_mushroom_small
[00:57:04] [Render thread/INFO]: [CHAT] - minecraft:mushroom_island_vegetation
[00:57:04] [Render thread/INFO]: [CHAT] - botania:mystical_flowers
[00:57:04] [Render thread/INFO]: [CHAT] - botania:mystical_mushrooms
[00:57:04] [Render thread/INFO]: [CHAT] - ad_extendra:neptune/coal_ore
[00:57:04] [Render thread/INFO]: [CHAT] - ad_extendra:neptune/copper_ore
[00:57:04] [Render thread/INFO]: [CHAT] - ad_extendra:neptune/ice_shard_ore
[00:57:04] [Render thread/INFO]: [CHAT] - ad_extendra:neptune/iron_ore
[00:57:04] [Render thread/INFO]: [CHAT] - ad_extendra:neptune/neptunium_ore
[00:57:04] [Render thread/INFO]: [CHAT] - ad_extendra:neptune/pluto_shard_ore
[00:57:04] [Render thread/INFO]: [CHAT] - oretrees:neptunium
[00:57:04] [Render thread/INFO]: [CHAT] - oretrees:neptunium_bees
[00:57:04] [Render thread/INFO]: [CHAT] - oretrees:neptunium_fancy
[00:57:04] [Render thread/INFO]: [CHAT] - oretrees:neptunium_fancy_bees
[00:57:04] [Render thread/INFO]: [CHAT] - draconicevolution:nether_draconium_ore
[00:57:04] [Render thread/INFO]: [CHAT] - minecraft:nether_sprouts
[00:57:04] [Render thread/INFO]: [CHAT] - minecraft:nether_sprouts_bonemeal
[00:57:04] [Render thread/INFO]: [CHAT] - immersiveengineering:nickel
[00:57:04] [Render thread/INFO]: [CHAT] - oretrees:nickel
[00:57:04] [Render thread/INFO]: [CHAT] - oretrees:nickel_bees
[00:57:04] [Render thread/INFO]: [CHAT] - oretrees:nickel_fancy
[00:57:04] [Render thread/INFO]: [CHAT] - oretrees:nickel_fancy_bees
[00:57:04] [Render thread/INFO]: [CHAT] - thermal:nickel_ore
[00:57:04] [Render thread/INFO]: [CHAT] - oretrees:niter
[00:57:04] [Render thread/INFO]: [CHAT] - oretrees:niter_bees
[00:57:04] [Render thread/INFO]: [CHAT] - oretrees:niter_fancy
[00:57:04] [Render thread/INFO]: [CHAT] - oretrees:niter_fancy_bees
[00:57:04] [Render thread/INFO]: [CHAT] - thermal:niter_ore
[00:57:04] [Render thread/INFO]: [CHAT] - terralith:nothing
[00:57:04] [Render thread/INFO]: [CHAT] - minecraft:oak
[00:57:04] [Render thread/INFO]: [CHAT] - minecraft:oak_bees_0002
[00:57:04] [Render thread/INFO]: [CHAT] - minecraft:oak_bees_002
[00:57:04] [Render thread/INFO]: [CHAT] - minecraft:oak_bees_005
[00:57:04] [Render thread/INFO]: [CHAT] - thermal:oil_sand
[00:57:04] [Render thread/INFO]: [CHAT] - botania:orange_mystical_flower_patch
[00:57:04] [Render thread/INFO]: [CHAT] - adastraextra:orbit_tree
[00:57:04] [Render thread/INFO]: [CHAT] - ad_extendra:orcus/copper_ore
[00:57:04] [Render thread/INFO]: [CHAT] - ad_extendra:orcus/iron_ore
[00:57:04] [Render thread/INFO]: [CHAT] - ad_extendra:orcus/radium_ore
[00:57:04] [Render thread/INFO]: [CHAT] - minecraft:ore_ancient_debris_large
[00:57:04] [Render thread/INFO]: [CHAT] - minecraft:ore_ancient_debris_small
[00:57:04] [Render thread/INFO]: [CHAT] - minecraft:ore_andesite
[00:57:04] [Render thread/INFO]: [CHAT] - minecraft:ore_blackstone
[00:57:04] [Render thread/INFO]: [CHAT] - deeperdarker:ore_blooming_moss
[00:57:04] [Render thread/INFO]: [CHAT] - minecraft:ore_clay
[00:57:04] [Render thread/INFO]: [CHAT] - minecraft:ore_coal
[00:57:04] [Render thread/INFO]: [CHAT] - minecraft:ore_coal_buried
[00:57:04] [Render thread/INFO]: [CHAT] - minecraft:ore_copper_large
[00:57:04] [Render thread/INFO]: [CHAT] - minecraft:ore_copper_small
[00:57:04] [Render thread/INFO]: [CHAT] - minecraft:ore_diamond_buried
[00:57:04] [Render thread/INFO]: [CHAT] - minecraft:ore_diamond_large
[00:57:04] [Render thread/INFO]: [CHAT] - minecraft:ore_diamond_medium
[00:57:04] [Render thread/INFO]: [CHAT] - minecraft:ore_diamond_small
[00:57:04] [Render thread/INFO]: [CHAT] - minecraft:ore_diorite
[00:57:04] [Render thread/INFO]: [CHAT] - minecraft:ore_dirt
[00:57:04] [Render thread/INFO]: [CHAT] - deeperdarker:ore_echo_soil
[00:57:04] [Render thread/INFO]: [CHAT] - minecraft:ore_emerald
[00:57:04] [Render thread/INFO]: [CHAT] - mekanism:ore_fluorite_buried
[00:57:04] [Render thread/INFO]: [CHAT] - mekanismaaa:ore_fluorite_buried
[00:57:04] [Render thread/INFO]: [CHAT] - mekanism:ore_fluorite_buried_retrogen
[00:57:04] [Render thread/INFO]: [CHAT] - mekanism:ore_fluorite_normal
[00:57:04] [Render thread/INFO]: [CHAT] - mekanismaaa:ore_fluorite_normal
[00:57:04] [Render thread/INFO]: [CHAT] - mekanism:ore_fluorite_normal_retrogen
[00:57:04] [Render thread/INFO]: [CHAT] - deeperdarker:ore_gloomslate_coal
[00:57:04] [Render thread/INFO]: [CHAT] - deeperdarker:ore_gloomslate_copper
[00:57:04] [Render thread/INFO]: [CHAT] - deeperdarker:ore_gloomslate_diamond
[00:57:04] [Render thread/INFO]: [CHAT] - deeperdarker:ore_gloomslate_emerald
[00:57:04] [Render thread/INFO]: [CHAT] - deeperdarker:ore_gloomslate_gold
[00:57:04] [Render thread/INFO]: [CHAT] - deeperdarker:ore_gloomslate_iron
[00:57:04] [Render thread/INFO]: [CHAT] - deeperdarker:ore_gloomslate_lapis
[00:57:04] [Render thread/INFO]: [CHAT] - deeperdarker:ore_gloomslate_redstone
[00:57:04] [Render thread/INFO]: [CHAT] - deeperdarker:ore_gloomy_sculk
[00:57:04] [Render thread/INFO]: [CHAT] - minecraft:ore_gold
[00:57:04] [Render thread/INFO]: [CHAT] - minecraft:ore_gold_buried
[00:57:04] [Render thread/INFO]: [CHAT] - minecraft:ore_granite
[00:57:04] [Render thread/INFO]: [CHAT] - minecraft:ore_gravel
[00:57:04] [Render thread/INFO]: [CHAT] - minecraft:ore_gravel_nether
[00:57:04] [Render thread/INFO]: [CHAT] - minecraft:ore_infested
[00:57:04] [Render thread/INFO]: [CHAT] - deeperdarker:ore_infested_sculk
[00:57:04] [Render thread/INFO]: [CHAT] - minecraft:ore_iron
[00:57:04] [Render thread/INFO]: [CHAT] - minecraft:ore_iron_small
[00:57:04] [Render thread/INFO]: [CHAT] - minecraft:ore_lapis
[00:57:04] [Render thread/INFO]: [CHAT] - minecraft:ore_lapis_buried
[00:57:04] [Render thread/INFO]: [CHAT] - mekanism:ore_lead_normal
[00:57:04] [Render thread/INFO]: [CHAT] - mekanismaaa:ore_lead_normal
[00:57:04] [Render thread/INFO]: [CHAT] - mekanism:ore_lead_normal_retrogen
[00:57:04] [Render thread/INFO]: [CHAT] - deeperdarker:ore_magma
[00:57:04] [Render thread/INFO]: [CHAT] - minecraft:ore_magma
[00:57:04] [Render thread/INFO]: [CHAT] - minecraft:ore_nether_gold
[00:57:04] [Render thread/INFO]: [CHAT] - mekanism:ore_osmium_middle
[00:57:04] [Render thread/INFO]: [CHAT] - mekanismaaa:ore_osmium_middle
[00:57:04] [Render thread/INFO]: [CHAT] - mekanism:ore_osmium_middle_retrogen
[00:57:04] [Render thread/INFO]: [CHAT] - mekanism:ore_osmium_small
[00:57:04] [Render thread/INFO]: [CHAT] - mekanismaaa:ore_osmium_small
[00:57:04] [Render thread/INFO]: [CHAT] - mekanism:ore_osmium_small_retrogen
[00:57:04] [Render thread/INFO]: [CHAT] - mekanism:ore_osmium_upper
[00:57:04] [Render thread/INFO]: [CHAT] - mekanismaaa:ore_osmium_upper
[00:57:04] [Render thread/INFO]: [CHAT] - mekanism:ore_osmium_upper_retrogen
[00:57:04] [Render thread/INFO]: [CHAT] - minecraft:ore_quartz
[00:57:04] [Render thread/INFO]: [CHAT] - minecraft:ore_redstone
[00:57:04] [Render thread/INFO]: [CHAT] - deeperdarker:ore_sculk_coal
[00:57:04] [Render thread/INFO]: [CHAT] - deeperdarker:ore_sculk_copper
[00:57:04] [Render thread/INFO]: [CHAT] - deeperdarker:ore_sculk_diamond
[00:57:04] [Render thread/INFO]: [CHAT] - deeperdarker:ore_sculk_emerald
[00:57:04] [Render thread/INFO]: [CHAT] - deeperdarker:ore_sculk_gold
[00:57:04] [Render thread/INFO]: [CHAT] - deeperdarker:ore_sculk_iron
[00:57:04] [Render thread/INFO]: [CHAT] - deeperdarker:ore_sculk_jaw
[00:57:04] [Render thread/INFO]: [CHAT] - deeperdarker:ore_sculk_lapis
[00:57:04] [Render thread/INFO]: [CHAT] - deeperdarker:ore_sculk_redstone
[00:57:04] [Render thread/INFO]: [CHAT] - deeperdarker:ore_soul_sand
[00:57:04] [Render thread/INFO]: [CHAT] - minecraft:ore_soul_sand
[00:57:04] [Render thread/INFO]: [CHAT] - deeperdarker:ore_soul_soil
[00:57:04] [Render thread/INFO]: [CHAT] - create_new_age:ore_thorium
[00:57:04] [Render thread/INFO]: [CHAT] - mekanism:ore_tin_large
[00:57:04] [Render thread/INFO]: [CHAT] - mekanismaaa:ore_tin_large
[00:57:04] [Render thread/INFO]: [CHAT] - mekanism:ore_tin_large_retrogen
[00:57:04] [Render thread/INFO]: [CHAT] - mekanism:ore_tin_small
[00:57:04] [Render thread/INFO]: [CHAT] - mekanismaaa:ore_tin_small
[00:57:04] [Render thread/INFO]: [CHAT] - mekanism:ore_tin_small_retrogen
[00:57:04] [Render thread/INFO]: [CHAT] - minecraft:ore_tuff
[00:57:04] [Render thread/INFO]: [CHAT] - mekanism:ore_uranium_buried
[00:57:04] [Render thread/INFO]: [CHAT] - mekanismaaa:ore_uranium_buried
[00:57:04] [Render thread/INFO]: [CHAT] - mekanism:ore_uranium_buried_retrogen
[00:57:04] [Render thread/INFO]: [CHAT] - mekanism:ore_uranium_small
[00:57:04] [Render thread/INFO]: [CHAT] - mekanismaaa:ore_uranium_small
[00:57:04] [Render thread/INFO]: [CHAT] - mekanism:ore_uranium_small_retrogen
[00:57:04] [Render thread/INFO]: [CHAT] - oretrees:osmium
[00:57:04] [Render thread/INFO]: [CHAT] - oretrees:osmium_bees
[00:57:04] [Render thread/INFO]: [CHAT] - oretrees:osmium_fancy
[00:57:04] [Render thread/INFO]: [CHAT] - oretrees:osmium_fancy_bees
[00:57:04] [Render thread/INFO]: [CHAT] - oretrees:ostrum
[00:57:04] [Render thread/INFO]: [CHAT] - oretrees:ostrum_bees
[00:57:04] [Render thread/INFO]: [CHAT] - oretrees:ostrum_fancy
[00:57:04] [Render thread/INFO]: [CHAT] - oretrees:ostrum_fancy_bees
[00:57:04] [Render thread/INFO]: [CHAT] - draconicevolution:overworld_draconium_ore
[00:57:04] [Render thread/INFO]: [CHAT] - minecraft:patch_berry_bush
[00:57:04] [Render thread/INFO]: [CHAT] - minecraft:patch_brown_mushroom
[00:57:04] [Render thread/INFO]: [CHAT] - minecraft:patch_cactus
[00:57:04] [Render thread/INFO]: [CHAT] - minecraft:patch_crimson_roots
[00:57:04] [Render thread/INFO]: [CHAT] - minecraft:patch_dead_bush
[00:57:04] [Render thread/INFO]: [CHAT] - minecraft:patch_fire
[00:57:04] [Render thread/INFO]: [CHAT] - minecraft:patch_grass
[00:57:04] [Render thread/INFO]: [CHAT] - minecraft:patch_grass_jungle
[00:57:04] [Render thread/INFO]: [CHAT] - deeperdarker:patch_ice_lily
[00:57:04] [Render thread/INFO]: [CHAT] - minecraft:patch_large_fern
[00:57:04] [Render thread/INFO]: [CHAT] - minecraft:patch_melon
[00:57:04] [Render thread/INFO]: [CHAT] - minecraft:patch_pumpkin
[00:57:04] [Render thread/INFO]: [CHAT] - minecraft:patch_red_mushroom
[00:57:04] [Render thread/INFO]: [CHAT] - minecraft:patch_soul_fire
[00:57:04] [Render thread/INFO]: [CHAT] - minecraft:patch_sugar_cane
[00:57:04] [Render thread/INFO]: [CHAT] - minecraft:patch_sunflower
[00:57:04] [Render thread/INFO]: [CHAT] - minecraft:patch_taiga_grass
[00:57:04] [Render thread/INFO]: [CHAT] - minecraft:patch_tall_grass
[00:57:04] [Render thread/INFO]: [CHAT] - minecraft:patch_waterlily
[00:57:04] [Render thread/INFO]: [CHAT] - minecraft:pile_hay
[00:57:04] [Render thread/INFO]: [CHAT] - minecraft:pile_ice
[00:57:04] [Render thread/INFO]: [CHAT] - minecraft:pile_melon
[00:57:04] [Render thread/INFO]: [CHAT] - minecraft:pile_pumpkin
[00:57:04] [Render thread/INFO]: [CHAT] - minecraft:pile_snow
[00:57:04] [Render thread/INFO]: [CHAT] - minecraft:pine
[00:57:04] [Render thread/INFO]: [CHAT] - botania:pink_mystical_flower_patch
[00:57:04] [Render thread/INFO]: [CHAT] - terralith:plains/patch_grass
[00:57:04] [Render thread/INFO]: [CHAT] - terralith:plains/patch_tall_grass
[00:57:04] [Render thread/INFO]: [CHAT] - deeperdarker:plant_blooming
[00:57:04] [Render thread/INFO]: [CHAT] - ad_extendra:pluto/diamond_ore
[00:57:04] [Render thread/INFO]: [CHAT] - ad_extendra:pluto/gold_ore
[00:57:04] [Render thread/INFO]: [CHAT] - ad_extendra:pluto/ice_shard_ore
[00:57:04] [Render thread/INFO]: [CHAT] - ad_extendra:pluto/plutonium_ore
[00:57:04] [Render thread/INFO]: [CHAT] - oretrees:plutonium
[00:57:04] [Render thread/INFO]: [CHAT] - oretrees:plutonium_bees
[00:57:04] [Render thread/INFO]: [CHAT] - oretrees:plutonium_fancy
[00:57:04] [Render thread/INFO]: [CHAT] - oretrees:plutonium_fancy_bees
[00:57:04] [Render thread/INFO]: [CHAT] - minecraft:pointed_dripstone
[00:57:04] [Render thread/INFO]: [CHAT] - deeperdarker:pool_blooming
[00:57:04] [Render thread/INFO]: [CHAT] - botania:purple_mystical_flower_patch
[00:57:04] [Render thread/INFO]: [CHAT] - ad_extendra:quaoar/copper_ore
[00:57:04] [Render thread/INFO]: [CHAT] - ad_extendra:quaoar/iron_ore
[00:57:04] [Render thread/INFO]: [CHAT] - oretrees:quartz
[00:57:04] [Render thread/INFO]: [CHAT] - oretrees:quartz_bees
[00:57:04] [Render thread/INFO]: [CHAT] - oretrees:quartz_fancy
[00:57:04] [Render thread/INFO]: [CHAT] - oretrees:quartz_fancy_bees
[00:57:04] [Render thread/INFO]: [CHAT] - oretrees:radium
[00:57:04] [Render thread/INFO]: [CHAT] - oretrees:radium_bees
[00:57:04] [Render thread/INFO]: [CHAT] - oretrees:radium_fancy
[00:57:04] [Render thread/INFO]: [CHAT] - oretrees:radium_fancy_bees
[00:57:04] [Render thread/INFO]: [CHAT] - botania:red_mystical_flower_patch
[00:57:04] [Render thread/INFO]: [CHAT] - oretrees:redstone
[00:57:04] [Render thread/INFO]: [CHAT] - oretrees:redstone_bees
[00:57:04] [Render thread/INFO]: [CHAT] - oretrees:redstone_fancy
[00:57:04] [Render thread/INFO]: [CHAT] - oretrees:redstone_fancy_bees
[00:57:04] [Render thread/INFO]: [CHAT] - rftoolsdim:rftfeature
[00:57:04] [Render thread/INFO]: [CHAT] - minecraft:rooted_azalea_tree
[00:57:04] [Render thread/INFO]: [CHAT] - thermal:rubberwood_tree
[00:57:04] [Render thread/INFO]: [CHAT] - oretrees:ruby
[00:57:04] [Render thread/INFO]: [CHAT] - oretrees:ruby_bees
[00:57:04] [Render thread/INFO]: [CHAT] - oretrees:ruby_fancy
[00:57:04] [Render thread/INFO]: [CHAT] - oretrees:ruby_fancy_bees
[00:57:04] [Render thread/INFO]: [CHAT] - terralith:sakura/bamboo
[00:57:04] [Render thread/INFO]: [CHAT] - terralith:sakura/bush
[00:57:04] [Render thread/INFO]: [CHAT] - terralith:sakura/cherry_trees
[00:57:04] [Render thread/INFO]: [CHAT] - terralith:sakura/cherry_trees_light
[00:57:04] [Render thread/INFO]: [CHAT] - terralith:sakura/clay_beaches
[00:57:04] [Render thread/INFO]: [CHAT] - terralith:sakura/flowers
[00:57:04] [Render thread/INFO]: [CHAT] - terralith:sakura/patch_podzol
[00:57:04] [Render thread/INFO]: [CHAT] - terralith:sakura/sugarcane
[00:57:04] [Render thread/INFO]: [CHAT] - terralith:sakura/tree_huge
[00:57:04] [Render thread/INFO]: [CHAT] - terralith:sakura/tree_huge_cherry
[00:57:04] [Render thread/INFO]: [CHAT] - terralith:sakura/tree_huge_dark_oak
[00:57:04] [Render thread/INFO]: [CHAT] - terralith:sakura/tree_medium
[00:57:04] [Render thread/INFO]: [CHAT] - terralith:sakura/tree_medium_cherry
[00:57:04] [Render thread/INFO]: [CHAT] - terralith:sakura/tree_medium_dark_oak
[00:57:04] [Render thread/INFO]: [CHAT] - terralith:sakura/tree_roof
[00:57:04] [Render thread/INFO]: [CHAT] - terralith:sakura/tree_roof_cherry
[00:57:04] [Render thread/INFO]: [CHAT] - terralith:sakura/tree_roof_dark_oak
[00:57:04] [Render thread/INFO]: [CHAT] - mekanism:salt
[00:57:04] [Render thread/INFO]: [CHAT] - oretrees:sand
[00:57:04] [Render thread/INFO]: [CHAT] - oretrees:sand_bees
[00:57:04] [Render thread/INFO]: [CHAT] - oretrees:sand_fancy
[00:57:04] [Render thread/INFO]: [CHAT] - oretrees:sand_fancy_bees
[00:57:04] [Render thread/INFO]: [CHAT] - waystones:sandy_waystone
[00:57:04] [Render thread/INFO]: [CHAT] - oretrees:sapphire
[00:57:04] [Render thread/INFO]: [CHAT] - oretrees:sapphire_bees
[00:57:04] [Render thread/INFO]: [CHAT] - oretrees:sapphire_fancy
[00:57:04] [Render thread/INFO]: [CHAT] - oretrees:sapphire_fancy_bees
[00:57:04] [Render thread/INFO]: [CHAT] - oretrees:saturlyte
[00:57:04] [Render thread/INFO]: [CHAT] - oretrees:saturlyte_bees
[00:57:04] [Render thread/INFO]: [CHAT] - oretrees:saturlyte_fancy
[00:57:04] [Render thread/INFO]: [CHAT] - oretrees:saturlyte_fancy_bees
[00:57:04] [Render thread/INFO]: [CHAT] - ad_extendra:saturn/coal_ore
[00:57:04] [Render thread/INFO]: [CHAT] - ad_extendra:saturn/diamond_ore
[00:57:04] [Render thread/INFO]: [CHAT] - ad_extendra:saturn/gold_ore
[00:57:04] [Render thread/INFO]: [CHAT] - ad_extendra:saturn/saturlyte_ore
[00:57:04] [Render thread/INFO]: [CHAT] - terralith:savanna/badlands/grass
[00:57:04] [Render thread/INFO]: [CHAT] - terralith:savanna/badlands/grass_granite
[00:57:04] [Render thread/INFO]: [CHAT] - terralith:savanna/badlands/grass_gravel
[00:57:04] [Render thread/INFO]: [CHAT] - terralith:savanna/badlands/grass_reg
[00:57:04] [Render thread/INFO]: [CHAT] - terralith:savanna/baobabs
[00:57:04] [Render thread/INFO]: [CHAT] - terralith:savanna/dripstone
[00:57:04] [Render thread/INFO]: [CHAT] - terralith:savanna/shattered/acacia
[00:57:04] [Render thread/INFO]: [CHAT] - terralith:savanna/shattered/med/acacia_med
[00:57:04] [Render thread/INFO]: [CHAT] - terralith:savanna/shattered/med/oak_med
[00:57:04] [Render thread/INFO]: [CHAT] - terralith:savanna/shattered/med/trees_med
[00:57:04] [Render thread/INFO]: [CHAT] - terralith:savanna/shattered/oak_mutated
[00:57:04] [Render thread/INFO]: [CHAT] - terralith:savanna/shattered/small/trees_small
[00:57:04] [Render thread/INFO]: [CHAT] - terralith:savanna/shattered/teeth
[00:57:04] [Render thread/INFO]: [CHAT] - terralith:savanna/shattered/tiny/oak_tiny
[00:57:04] [Render thread/INFO]: [CHAT] - terralith:savanna/shattered/trees_tall
[00:57:04] [Render thread/INFO]: [CHAT] - terralith:savanna/terracotta
[00:57:04] [Render thread/INFO]: [CHAT] - deeperdarker:sculk_decoration
[00:57:04] [Render thread/INFO]: [CHAT] - deeperdarker:sculk_gleam_extra
[00:57:04] [Render thread/INFO]: [CHAT] - deeperdarker:sculk_patch
[00:57:04] [Render thread/INFO]: [CHAT] - minecraft:sculk_patch_ancient_city
[00:57:04] [Render thread/INFO]: [CHAT] - minecraft:sculk_patch_deep_dark
[00:57:04] [Render thread/INFO]: [CHAT] - deeperdarker:sculk_stone_column
[00:57:04] [Render thread/INFO]: [CHAT] - deeperdarker:sculk_stone_generation
[00:57:04] [Render thread/INFO]: [CHAT] - deeperdarker:sculk_tendrils
[00:57:04] [Render thread/INFO]: [CHAT] - minecraft:sculk_vein
[00:57:04] [Render thread/INFO]: [CHAT] - deeperdarker:sculk_vines
[00:57:04] [Render thread/INFO]: [CHAT] - minecraft:sea_pickle
[00:57:04] [Render thread/INFO]: [CHAT] - minecraft:seagrass_mid
[00:57:04] [Render thread/INFO]: [CHAT] - minecraft:seagrass_short
[00:57:04] [Render thread/INFO]: [CHAT] - minecraft:seagrass_simple
[00:57:04] [Render thread/INFO]: [CHAT] - minecraft:seagrass_slightly_less_short
[00:57:04] [Render thread/INFO]: [CHAT] - minecraft:seagrass_tall
[00:57:04] [Render thread/INFO]: [CHAT] - ad_extendra:sedna/copper_ore
[00:57:04] [Render thread/INFO]: [CHAT] - ad_extendra:sedna/electrolyte_ore
[00:57:04] [Render thread/INFO]: [CHAT] - ad_extendra:sedna/iron_ore
[00:57:04] [Render thread/INFO]: [CHAT] - terralith:shield/birch
[00:57:04] [Render thread/INFO]: [CHAT] - terralith:shield/dark_oak
[00:57:04] [Render thread/INFO]: [CHAT] - terralith:shield/spruce_big
[00:57:04] [Render thread/INFO]: [CHAT] - terralith:shrubland/bushes
[00:57:04] [Render thread/INFO]: [CHAT] - terralith:shrubland/cold/bushes
[00:57:04] [Render thread/INFO]: [CHAT] - terralith:shrubland/cold/cone_trees
[00:57:04] [Render thread/INFO]: [CHAT] - terralith:shrubland/cold/small_tree
[00:57:04] [Render thread/INFO]: [CHAT] - terralith:shrubland/cold/tiny_trees
[00:57:04] [Render thread/INFO]: [CHAT] - terralith:shrubland/cone_trees
[00:57:04] [Render thread/INFO]: [CHAT] - terralith:shrubland/disk_podzol
[00:57:04] [Render thread/INFO]: [CHAT] - terralith:shrubland/disk_terracotta
[00:57:04] [Render thread/INFO]: [CHAT] - terralith:shrubland/hot/bushes
[00:57:04] [Render thread/INFO]: [CHAT] - terralith:shrubland/hot/cone_trees
[00:57:04] [Render thread/INFO]: [CHAT] - terralith:shrubland/hot/small_tree
[00:57:04] [Render thread/INFO]: [CHAT] - terralith:shrubland/hot/tiny_trees
[00:57:04] [Render thread/INFO]: [CHAT] - terralith:shrubland/small_tree
[00:57:04] [Render thread/INFO]: [CHAT] - immersiveengineering:silver
[00:57:04] [Render thread/INFO]: [CHAT] - oretrees:silver
[00:57:04] [Render thread/INFO]: [CHAT] - oretrees:silver_bees
[00:57:04] [Render thread/INFO]: [CHAT] - oretrees:silver_fancy
[00:57:04] [Render thread/INFO]: [CHAT] - oretrees:silver_fancy_bees
[00:57:04] [Render thread/INFO]: [CHAT] - thermal:silver_ore
[00:57:04] [Render thread/INFO]: [CHAT] - minecraft:single_piece_of_grass
[00:57:04] [Render thread/INFO]: [CHAT] - tconstruct:sky_geode
[00:57:04] [Render thread/INFO]: [CHAT] - tconstruct:sky_slime_island_tree
[00:57:04] [Render thread/INFO]: [CHAT] - tconstruct:sky_slime_tree
[00:57:04] [Render thread/INFO]: [CHAT] - terralith:skylands/big_cone_tree
[00:57:04] [Render thread/INFO]: [CHAT] - terralith:skylands/cloud_tree_birch
[00:57:04] [Render thread/INFO]: [CHAT] - terralith:skylands/dirt_tops
[00:57:04] [Render thread/INFO]: [CHAT] - terralith:skylands/extend_down
[00:57:04] [Render thread/INFO]: [CHAT] - terralith:skylands/grassy_tops
[00:57:04] [Render thread/INFO]: [CHAT] - terralith:skylands/island
[00:57:04] [Render thread/INFO]: [CHAT] - terralith:skylands/mega_tree
[00:57:04] [Render thread/INFO]: [CHAT] - terralith:skylands/mid_tree
[00:57:04] [Render thread/INFO]: [CHAT] - terralith:skylands/patch_grass
[00:57:04] [Render thread/INFO]: [CHAT] - terralith:skylands/spring/flowers
[00:57:04] [Render thread/INFO]: [CHAT] - terralith:skylands/summer/bending_acacia
[00:57:04] [Render thread/INFO]: [CHAT] - terralith:skylands/summer/trees
[00:57:04] [Render thread/INFO]: [CHAT] - terralith:skylands/summer/vine
[00:57:04] [Render thread/INFO]: [CHAT] - terralith:skylands/trees
[00:57:04] [Render thread/INFO]: [CHAT] - terralith:skylands/wheat
[00:57:04] [Render thread/INFO]: [CHAT] - terralith:skylands/winter/big_oak
[00:57:04] [Render thread/INFO]: [CHAT] - terralith:skylands/winter/extend_down
[00:57:04] [Render thread/INFO]: [CHAT] - terralith:skylands/winter/grassy_tops
[00:57:04] [Render thread/INFO]: [CHAT] - terralith:skylands/winter/island
[00:57:04] [Render thread/INFO]: [CHAT] - terralith:skylands/winter/mega_spruce
[00:57:04] [Render thread/INFO]: [CHAT] - terralith:skylands/winter/oak
[00:57:04] [Render thread/INFO]: [CHAT] - terralith:skylands/winter/trees
[00:57:04] [Render thread/INFO]: [CHAT] - minecraft:small_basalt_columns
[00:57:04] [Render thread/INFO]: [CHAT] - ad_astra:small_infernal_spire_column
[00:57:04] [Render thread/INFO]: [CHAT] - terralith:snowy/badlands/snow
[00:57:04] [Render thread/INFO]: [CHAT] - terralith:snowy/badlands/terracotta
[00:57:04] [Render thread/INFO]: [CHAT] - terralith:snowy/fix_grass
[00:57:04] [Render thread/INFO]: [CHAT] - terralith:snowy/fix_snow
[00:57:04] [Render thread/INFO]: [CHAT] - terralith:snowy/layer/first
[00:57:04] [Render thread/INFO]: [CHAT] - terralith:snowy/layer/second
[00:57:04] [Render thread/INFO]: [CHAT] - terralith:snowy/layer/third
[00:57:04] [Render thread/INFO]: [CHAT] - terralith:snowy/max_spruce
[00:57:04] [Render thread/INFO]: [CHAT] - terralith:snowy/mega_spruce
[00:57:04] [Render thread/INFO]: [CHAT] - terralith:snowy/spruce
[00:57:04] [Render thread/INFO]: [CHAT] - terralith:snowy/spruce_tiny
[00:57:04] [Render thread/INFO]: [CHAT] - terralith:snowy/trees_center
[00:57:04] [Render thread/INFO]: [CHAT] - terralith:snowy/trees_edge
[00:57:04] [Render thread/INFO]: [CHAT] - terralith:snowy/trees_giant
[00:57:04] [Render thread/INFO]: [CHAT] - terralith:snowy/trees_outer
[00:57:04] [Render thread/INFO]: [CHAT] - terralith:spires/cliff
[00:57:04] [Render thread/INFO]: [CHAT] - terralith:spires/grass
[00:57:04] [Render thread/INFO]: [CHAT] - minecraft:spore_blossom
[00:57:04] [Render thread/INFO]: [CHAT] - minecraft:spring_lava_frozen
[00:57:04] [Render thread/INFO]: [CHAT] - minecraft:spring_lava_nether
[00:57:04] [Render thread/INFO]: [CHAT] - minecraft:spring_lava_overworld
[00:57:04] [Render thread/INFO]: [CHAT] - minecraft:spring_nether_closed
[00:57:04] [Render thread/INFO]: [CHAT] - minecraft:spring_nether_open
[00:57:04] [Render thread/INFO]: [CHAT] - minecraft:spring_water
[00:57:04] [Render thread/INFO]: [CHAT] - minecraft:spruce
[00:57:04] [Render thread/INFO]: [CHAT] - oretrees:stone
[00:57:04] [Render thread/INFO]: [CHAT] - oretrees:stone_bees
[00:57:04] [Render thread/INFO]: [CHAT] - oretrees:stone_fancy
[00:57:04] [Render thread/INFO]: [CHAT] - oretrees:stone_fancy_bees
[00:57:04] [Render thread/INFO]: [CHAT] - create:striated_ores_nether
[00:57:04] [Render thread/INFO]: [CHAT] - create:striated_ores_overworld
[00:57:04] [Render thread/INFO]: [CHAT] - thermal:sulfur_ore
[00:57:04] [Render thread/INFO]: [CHAT] - minecraft:super_birch_bees
[00:57:04] [Render thread/INFO]: [CHAT] - minecraft:super_birch_bees_0002
[00:57:04] [Render thread/INFO]: [CHAT] - deeperdarker:surface_gloomslate
[00:57:04] [Render thread/INFO]: [CHAT] - deeperdarker:surface_sculk_stone
[00:57:04] [Render thread/INFO]: [CHAT] - yungsextras:swamp/arches/swamp_arch_0
[00:57:04] [Render thread/INFO]: [CHAT] - yungsextras:swamp/arches/swamp_arch_1
[00:57:04] [Render thread/INFO]: [CHAT] - yungsextras:swamp/arches/swamp_arch_10
[00:57:04] [Render thread/INFO]: [CHAT] - yungsextras:swamp/arches/swamp_arch_2
[00:57:04] [Render thread/INFO]: [CHAT] - yungsextras:swamp/arches/swamp_arch_3
[00:57:04] [Render thread/INFO]: [CHAT] - yungsextras:swamp/arches/swamp_arch_4
[00:57:04] [Render thread/INFO]: [CHAT] - yungsextras:swamp/arches/swamp_arch_5
[00:57:04] [Render thread/INFO]: [CHAT] - yungsextras:swamp/arches/swamp_arch_6
[00:57:04] [Render thread/INFO]: [CHAT] - yungsextras:swamp/arches/swamp_arch_7
[00:57:04] [Render thread/INFO]: [CHAT] - yungsextras:swamp/arches/swamp_arch_8
[00:57:04] [Render thread/INFO]: [CHAT] - yungsextras:swamp/arches/swamp_arch_9
[00:57:04] [Render thread/INFO]: [CHAT] - yungsextras:swamp/cubbies/swamp_cubby_0
[00:57:04] [Render thread/INFO]: [CHAT] - yungsextras:swamp/cubbies/swamp_cubby_1
[00:57:04] [Render thread/INFO]: [CHAT] - yungsextras:swamp/cubbies/swamp_cubby_2
[00:57:04] [Render thread/INFO]: [CHAT] - yungsextras:swamp/cubbies/swamp_cubby_3
[00:57:04] [Render thread/INFO]: [CHAT] - yungsextras:swamp/cubbies/swamp_cubby_4
[00:57:04] [Render thread/INFO]: [CHAT] - yungsextras:swamp/cubbies/swamp_cubby_5
[00:57:04] [Render thread/INFO]: [CHAT] - yungsextras:swamp/cubbies/swamp_cubby_6
[00:57:04] [Render thread/INFO]: [CHAT] - yungsextras:swamp/cubbies/swamp_cubby_7
[00:57:04] [Render thread/INFO]: [CHAT] - yungsextras:swamp/double_arches/swamp_double_arch_0
[00:57:04] [Render thread/INFO]: [CHAT] - yungsextras:swamp/double_arches/swamp_double_arch_1
[00:57:04] [Render thread/INFO]: [CHAT] - yungsextras:swamp/double_arches/swamp_double_arch_10
[00:57:04] [Render thread/INFO]: [CHAT] - yungsextras:swamp/double_arches/swamp_double_arch_11
[00:57:04] [Render thread/INFO]: [CHAT] - yungsextras:swamp/double_arches/swamp_double_arch_12
[00:57:04] [Render thread/INFO]: [CHAT] - yungsextras:swamp/double_arches/swamp_double_arch_13
[00:57:04] [Render thread/INFO]: [CHAT] - yungsextras:swamp/double_arches/swamp_double_arch_14
[00:57:04] [Render thread/INFO]: [CHAT] - yungsextras:swamp/double_arches/swamp_double_arch_15
[00:57:04] [Render thread/INFO]: [CHAT] - yungsextras:swamp/double_arches/swamp_double_arch_16
[00:57:04] [Render thread/INFO]: [CHAT] - yungsextras:swamp/double_arches/swamp_double_arch_17
[00:57:04] [Render thread/INFO]: [CHAT] - yungsextras:swamp/double_arches/swamp_double_arch_18
[00:57:04] [Render thread/INFO]: [CHAT] - yungsextras:swamp/double_arches/swamp_double_arch_19
[00:57:04] [Render thread/INFO]: [CHAT] - yungsextras:swamp/double_arches/swamp_double_arch_2
[00:57:04] [Render thread/INFO]: [CHAT] - yungsextras:swamp/double_arches/swamp_double_arch_20
[00:57:04] [Render thread/INFO]: [CHAT] - yungsextras:swamp/double_arches/swamp_double_arch_21
[00:57:04] [Render thread/INFO]: [CHAT] - yungsextras:swamp/double_arches/swamp_double_arch_3
[00:57:04] [Render thread/INFO]: [CHAT] - yungsextras:swamp/double_arches/swamp_double_arch_4
[00:57:04] [Render thread/INFO]: [CHAT] - yungsextras:swamp/double_arches/swamp_double_arch_5
[00:57:04] [Render thread/INFO]: [CHAT] - yungsextras:swamp/double_arches/swamp_double_arch_6
[00:57:04] [Render thread/INFO]: [CHAT] - yungsextras:swamp/double_arches/swamp_double_arch_7
[00:57:04] [Render thread/INFO]: [CHAT] - yungsextras:swamp/double_arches/swamp_double_arch_8
[00:57:04] [Render thread/INFO]: [CHAT] - yungsextras:swamp/double_arches/swamp_double_arch_9
[00:57:04] [Render thread/INFO]: [CHAT] - terralith:swamp/ice/small/swamp_small
[00:57:04] [Render thread/INFO]: [CHAT] - terralith:swamp/ice/small/swamp_special_small
[00:57:04] [Render thread/INFO]: [CHAT] - terralith:swamp/ice/small/trees_small
[00:57:04] [Render thread/INFO]: [CHAT] - terralith:swamp/ice/tiny/swamp_special_tiny
[00:57:04] [Render thread/INFO]: [CHAT] - terralith:swamp/ice/tiny/swamp_tiny
[00:57:04] [Render thread/INFO]: [CHAT] - terralith:swamp/ice/tiny/trees_tiny
[00:57:04] [Render thread/INFO]: [CHAT] - yungsextras:swamp/misc/swamp_church
[00:57:04] [Render thread/INFO]: [CHAT] - yungsextras:swamp/misc/swamp_ogre
[00:57:04] [Render thread/INFO]: [CHAT] - terralith:swamp/orchid/small/swamp_small
[00:57:04] [Render thread/INFO]: [CHAT] - terralith:swamp/orchid/small/swamp_special_small
[00:57:04] [Render thread/INFO]: [CHAT] - terralith:swamp/orchid/small/trees_small
[00:57:04] [Render thread/INFO]: [CHAT] - terralith:swamp/orchid/tiny/swamp_special_tiny
[00:57:04] [Render thread/INFO]: [CHAT] - terralith:swamp/orchid/tiny/swamp_tiny
[00:57:04] [Render thread/INFO]: [CHAT] - yungsextras:swamp/pillars/swamp_pillar_0
[00:57:04] [Render thread/INFO]: [CHAT] - yungsextras:swamp/pillars/swamp_pillar_1
[00:57:04] [Render thread/INFO]: [CHAT] - yungsextras:swamp/pillars/swamp_pillar_2
[00:57:04] [Render thread/INFO]: [CHAT] - terralith:swamp/vanilla/swamp_detail
[00:57:04] [Render thread/INFO]: [CHAT] - terralith:swamp/vanilla/tree
[00:57:04] [Render thread/INFO]: [CHAT] - terralith:swamp/vanilla/water_decor
[00:57:04] [Render thread/INFO]: [CHAT] - minecraft:swamp_oak
[00:57:04] [Render thread/INFO]: [CHAT] - terralith:taiga/birch/birch
[00:57:04] [Render thread/INFO]: [CHAT] - terralith:taiga/birch/birch_small
[00:57:04] [Render thread/INFO]: [CHAT] - terralith:taiga/birch/boulder
[00:57:04] [Render thread/INFO]: [CHAT] - terralith:taiga/birch/cloud_tree
[00:57:04] [Render thread/INFO]: [CHAT] - terralith:taiga/birch/oak
[00:57:04] [Render thread/INFO]: [CHAT] - terralith:taiga/birch/pond
[00:57:04] [Render thread/INFO]: [CHAT] - terralith:taiga/birch/trees_small
[00:57:04] [Render thread/INFO]: [CHAT] - terralith:taiga/lush/flowers
[00:57:04] [Render thread/INFO]: [CHAT] - terralith:taiga/mid/pine_mid
[00:57:04] [Render thread/INFO]: [CHAT] - terralith:taiga/mid/spruce_mid
[00:57:04] [Render thread/INFO]: [CHAT] - terralith:taiga/mid/spruce_mid_m
[00:57:04] [Render thread/INFO]: [CHAT] - terralith:taiga/mid/trees_mid
[00:57:04] [Render thread/INFO]: [CHAT] - terralith:taiga/siberian/tall_tree
[00:57:04] [Render thread/INFO]: [CHAT] - terralith:taiga/siberian/tall_tree_orange
[00:57:04] [Render thread/INFO]: [CHAT] - terralith:taiga/small/pine_small
[00:57:04] [Render thread/INFO]: [CHAT] - terralith:taiga/small/spruce_small
[00:57:04] [Render thread/INFO]: [CHAT] - terralith:taiga/small/spruce_small_m
[00:57:04] [Render thread/INFO]: [CHAT] - terralith:taiga/small/trees_small
[00:57:04] [Render thread/INFO]: [CHAT] - terralith:taiga/tall/pine_tall
[00:57:04] [Render thread/INFO]: [CHAT] - terralith:taiga/tall/spruce_tall
[00:57:04] [Render thread/INFO]: [CHAT] - terralith:taiga/tall/spruce_tall_m
[00:57:04] [Render thread/INFO]: [CHAT] - terralith:taiga/tall/trees_tall
[00:57:04] [Render thread/INFO]: [CHAT] - terralith:taiga/tiny/pine_tiny
[00:57:04] [Render thread/INFO]: [CHAT] - terralith:taiga/tiny/spruce_tiny
[00:57:04] [Render thread/INFO]: [CHAT] - terralith:taiga/tiny/spruce_tiny_m
[00:57:04] [Render thread/INFO]: [CHAT] - terralith:taiga/tiny/trees_tiny
[00:57:04] [Render thread/INFO]: [CHAT] - minecraft:tall_mangrove
[00:57:04] [Render thread/INFO]: [CHAT] - oretrees:tin
[00:57:04] [Render thread/INFO]: [CHAT] - oretrees:tin_bees
[00:57:04] [Render thread/INFO]: [CHAT] - oretrees:tin_fancy
[00:57:04] [Render thread/INFO]: [CHAT] - oretrees:tin_fancy_bees
[00:57:04] [Render thread/INFO]: [CHAT] - thermal:tin_ore
[00:57:04] [Render thread/INFO]: [CHAT] - deeperdarker:tree_echo
[00:57:04] [Render thread/INFO]: [CHAT] - integrateddynamics:tree_menril
[00:57:04] [Render thread/INFO]: [CHAT] - minecraft:trees_birch_and_oak
[00:57:04] [Render thread/INFO]: [CHAT] - minecraft:trees_flower_forest
[00:57:04] [Render thread/INFO]: [CHAT] - minecraft:trees_grove
[00:57:04] [Render thread/INFO]: [CHAT] - minecraft:trees_jungle
[00:57:04] [Render thread/INFO]: [CHAT] - minecraft:trees_old_growth_pine_taiga
[00:57:04] [Render thread/INFO]: [CHAT] - minecraft:trees_old_growth_spruce_taiga
[00:57:04] [Render thread/INFO]: [CHAT] - minecraft:trees_plains
[00:57:04] [Render thread/INFO]: [CHAT] - thermal:trees_rubberwood
[00:57:04] [Render thread/INFO]: [CHAT] - minecraft:trees_savanna
[00:57:04] [Render thread/INFO]: [CHAT] - minecraft:trees_sparse_jungle
[00:57:04] [Render thread/INFO]: [CHAT] - minecraft:trees_taiga
[00:57:04] [Render thread/INFO]: [CHAT] - minecraft:trees_water
[00:57:04] [Render thread/INFO]: [CHAT] - minecraft:trees_windswept_hills
[00:57:04] [Render thread/INFO]: [CHAT] - minecraft:twisting_vines
[00:57:04] [Render thread/INFO]: [CHAT] - minecraft:twisting_vines_bonemeal
[00:57:04] [Render thread/INFO]: [CHAT] - minecraft:underwater_magma
[00:57:04] [Render thread/INFO]: [CHAT] - oretrees:uraninite
[00:57:04] [Render thread/INFO]: [CHAT] - oretrees:uraninite_bees
[00:57:04] [Render thread/INFO]: [CHAT] - oretrees:uraninite_fancy
[00:57:04] [Render thread/INFO]: [CHAT] - oretrees:uraninite_fancy_bees
[00:57:04] [Render thread/INFO]: [CHAT] - powah:uraninite_ore
[00:57:04] [Render thread/INFO]: [CHAT] - powah:uraninite_ore_dense
[00:57:04] [Render thread/INFO]: [CHAT] - powah:uraninite_ore_poor
[00:57:04] [Render thread/INFO]: [CHAT] - immersiveengineering:uranium
[00:57:04] [Render thread/INFO]: [CHAT] - oretrees:uranium
[00:57:04] [Render thread/INFO]: [CHAT] - oretrees:uranium_bees
[00:57:04] [Render thread/INFO]: [CHAT] - oretrees:uranium_fancy
[00:57:04] [Render thread/INFO]: [CHAT] - oretrees:uranium_fancy_bees
[00:57:04] [Render thread/INFO]: [CHAT] - ad_extendra:uranus/diamond_ore
[00:57:04] [Render thread/INFO]: [CHAT] - ad_extendra:uranus/ice_shard_ore
[00:57:04] [Render thread/INFO]: [CHAT] - ad_extendra:uranus/icicle
[00:57:04] [Render thread/INFO]: [CHAT] - ad_extendra:uranus/icicle_geode
[00:57:04] [Render thread/INFO]: [CHAT] - ad_extendra:uranus/iron_ore
[00:57:04] [Render thread/INFO]: [CHAT] - ad_extendra:uranus/lapis_ore
[00:57:04] [Render thread/INFO]: [CHAT] - ad_extendra:uranus/uranium_ore
[00:57:04] [Render thread/INFO]: [CHAT] - terralith:valley/blue_terra
[00:57:04] [Render thread/INFO]: [CHAT] - terralith:valley/cyan_terra
[00:57:04] [Render thread/INFO]: [CHAT] - terralith:valley/green_terra
[00:57:04] [Render thread/INFO]: [CHAT] - terralith:valley/light_blue_terra
[00:57:04] [Render thread/INFO]: [CHAT] - terralith:valley/lime_terra
[00:57:04] [Render thread/INFO]: [CHAT] - terralith:valley/purple_terra
[00:57:04] [Render thread/INFO]: [CHAT] - ad_astra:venus_calorite_ore
[00:57:04] [Render thread/INFO]: [CHAT] - ad_astra:venus_coal_ore
[00:57:04] [Render thread/INFO]: [CHAT] - ad_astra:venus_diamond_ore
[00:57:04] [Render thread/INFO]: [CHAT] - ad_astra:venus_gold_ore
[00:57:04] [Render thread/INFO]: [CHAT] - minecraft:vines
[00:57:04] [Render thread/INFO]: [CHAT] - minecraft:void_start_platform
[00:57:04] [Render thread/INFO]: [CHAT] - terralith:volcano/lava_flow
[00:57:04] [Render thread/INFO]: [CHAT] - terralith:volcano/lava_lakes
[00:57:04] [Render thread/INFO]: [CHAT] - terralith:volcano/spring_lava
[00:57:04] [Render thread/INFO]: [CHAT] - terralith:volcano/top_secret_do_not_touch
[00:57:04] [Render thread/INFO]: [CHAT] - minecraft:warm_ocean_vegetation
[00:57:04] [Render thread/INFO]: [CHAT] - minecraft:warped_forest_vegetation
[00:57:04] [Render thread/INFO]: [CHAT] - minecraft:warped_forest_vegetation_bonemeal
[00:57:04] [Render thread/INFO]: [CHAT] - minecraft:warped_fungus
[00:57:04] [Render thread/INFO]: [CHAT] - minecraft:warped_fungus_planted
[00:57:04] [Render thread/INFO]: [CHAT] - deeperdarker:water_edge_blooming
[00:57:04] [Render thread/INFO]: [CHAT] - waystones:waystone
[00:57:04] [Render thread/INFO]: [CHAT] - minecraft:weeping_vines
[00:57:04] [Render thread/INFO]: [CHAT] - mythicbotany:wheat_fields
[00:57:04] [Render thread/INFO]: [CHAT] - botania:white_mystical_flower_patch
[00:57:04] [Render thread/INFO]: [CHAT] - botania:yellow_mystical_flower_patch
[00:57:04] [Render thread/INFO]: [CHAT] - terralith:yellowstone/acid_basalt
[00:57:04] [Render thread/INFO]: [CHAT] - terralith:yellowstone/acid_black
[00:57:04] [Render thread/INFO]: [CHAT] - terralith:yellowstone/acid_gravel
[00:57:04] [Render thread/INFO]: [CHAT] - terralith:yellowstone/acid_orange
[00:57:04] [Render thread/INFO]: [CHAT] - terralith:yellowstone/acid_yellow
[00:57:04] [Render thread/INFO]: [CHAT] - terralith:yellowstone/birch
[00:57:04] [Render thread/INFO]: [CHAT] - terralith:yellowstone/birch_alt
[00:57:04] [Render thread/INFO]: [CHAT] - terralith:yellowstone/lakes
[00:57:04] [Render thread/INFO]: [CHAT] - terralith:yellowstone/magma
[00:57:04] [Render thread/INFO]: [CHAT] - terralith:yellowstone/spruce_big
[00:57:04] [Render thread/INFO]: [CHAT] - terralith:yellowstone/spruce_big_alt
[00:57:04] [Render thread/INFO]: [CHAT] - terralith:yellowstone/terra_sand
[00:57:04] [Render thread/INFO]: [CHAT] - terralith:yellowstone/vents
[00:57:04] [Render thread/INFO]: [CHAT] - terralith:yosemite/calcite
[00:57:04] [Render thread/INFO]: [CHAT] - terralith:yosemite/cliff_vegetation
[00:57:04] [Render thread/INFO]: [CHAT] - terralith:yosemite/diorite
[00:57:04] [Render thread/INFO]: [CHAT] - terralith:yosemite/disk_stone
[00:57:04] [Render thread/INFO]: [CHAT] - terralith:yosemite/grass
[00:57:04] [Render thread/INFO]: [CHAT] - terralith:yosemite/oak
[00:57:04] [Render thread/INFO]: [CHAT] - terralith:yosemite/oak_mega
[00:57:04] [Render thread/INFO]: [CHAT] - terralith:yosemite/oaks
[00:57:04] [Render thread/INFO]: [CHAT] - terralith:yosemite/waterfall
[00:57:04] [Render thread/INFO]: [CHAT] - oretrees:zinc
[00:57:04] [Render thread/INFO]: [CHAT] - oretrees:zinc_bees
[00:57:04] [Render thread/INFO]: [CHAT] - oretrees:zinc_fancy
[00:57:04] [Render thread/INFO]: [CHAT] - oretrees:zinc_fancy_bees
[00:57:04] [Render thread/INFO]: [CHAT] - create:zinc_ore
[00:57:04] [Render thread/INFO]: [CHAT]
[00:57:04] [Render thread/INFO]: [CHAT] Total: 1208 entries
[00:57:04] [Render thread/INFO]: [CHAT]
